[02/11/2019 11:44:13 pm]Incremento indice
[02/11/2019 11:51:42 pm]Incremento indice
[02/11/2019 11:51:42 pm]omxplayer Tracce/00-Mago/bifolco.mp3 | at now & disown
[02/18/2019 03:34:58 pm]Cambio utente
[02/18/2019 03:34:58 pm]omxplayer Tracce/00-Mago/bifolco.mp3 | at now & disown
[02/18/2019 03:35:12 pm]Cambio utente
[02/18/2019 03:35:12 pm]omxplayer Tracce/00-Mago/bifolco.mp3 | at now & disown
[02/18/2019 03:35:13 pm]Cambio utente
[02/18/2019 03:35:13 pm]omxplayer Tracce/00-Mago/bifolco.mp3 | at now & disown
[02/18/2019 03:35:14 pm]Cambio utente
[02/18/2019 03:35:14 pm]omxplayer Tracce/00-Mago/bifolco.mp3 | at now & disown
[02/18/2019 03:35:16 pm]Incremento indice
[02/18/2019 03:35:16 pm]omxplayer Tracce/00-Mago/letresorelle.mp3 | at now & disown
[02/18/2019 03:35:18 pm]Incremento indice
[02/18/2019 03:35:18 pm]omxplayer Tracce/00-Mago/notaioscarabocchio.mp3 | at now & disown
[02/18/2019 03:35:18 pm]Incremento indice
[02/18/2019 03:35:18 pm]omxplayer Tracce/00-Mago/bifolco.mp3 | at now & disown
[02/18/2019 03:35:19 pm]Incremento indice
[02/18/2019 03:35:19 pm]omxplayer Tracce/00-Mago/letresorelle.mp3 | at now & disown
[02/18/2019 03:35:58 pm]Incremento indice
[02/18/2019 03:35:58 pm]omxplayer Tracce/00-Mago/notaioscarabocchio.mp3 | at now & disown
[02/18/2019 03:36:11 pm]Incremento indice
[02/18/2019 03:36:11 pm]omxplayer Tracce/00-Mago/bifolco.mp3 | at now & disown
[02/18/2019 03:36:13 pm]Incremento indice
[02/18/2019 03:36:13 pm]omxplayer Tracce/00-Mago/letresorelle.mp3 | at now & disown
[02/18/2019 03:36:13 pm]Incremento indice
[02/18/2019 03:36:13 pm]omxplayer Tracce/00-Mago/notaioscarabocchio.mp3 | at now & disown
[02/18/2019 03:40:03 pm]Incremento indice
[02/18/2019 03:40:03 pm]omxplayer Tracce/00-Mago/bifolco.mp3 | at now & disown
[02/18/2019 03:40:31 pm]Incremento indice
[02/18/2019 03:40:31 pm]omxplayer Tracce/00-Mago/letresorelle.mp3 | at now & disown
[02/18/2019 03:42:03 pm]Incremento indice
[02/18/2019 03:42:03 pm]omxplayer Tracce/00-Mago/notaioscarabocchio.mp3
[02/18/2019 03:42:21 pm]Incremento indice
[02/18/2019 03:42:21 pm]omxplayer Tracce/00-Mago/bifolco.mp3
[02/18/2019 03:42:22 pm]Incremento indice
[02/18/2019 03:42:22 pm]omxplayer Tracce/00-Mago/letresorelle.mp3
[02/18/2019 03:42:49 pm]Incremento indice
[02/18/2019 03:42:49 pm]omxplayer Tracce/00-Mago/notaioscarabocchio.mp3
[02/18/2019 03:42:50 pm]Incremento indice
[02/18/2019 03:42:50 pm]omxplayer Tracce/00-Mago/bifolco.mp3
[02/18/2019 03:42:51 pm]Incremento indice
[02/18/2019 03:42:51 pm]omxplayer Tracce/00-Mago/letresorelle.mp3
[02/18/2019 03:43:21 pm]Incremento indice
[02/18/2019 03:43:21 pm]omxplayer Tracce/00-Mago/notaioscarabocchio.mp3
[02/18/2019 03:43:24 pm]Incremento indice
[02/18/2019 03:43:24 pm]omxplayer Tracce/00-Mago/bifolco.mp3
[02/18/2019 03:43:25 pm]Incremento indice
[02/18/2019 03:43:25 pm]omxplayer Tracce/00-Mago/letresorelle.mp3
[02/18/2019 03:43:26 pm]Incremento indice
[02/18/2019 03:43:26 pm]omxplayer Tracce/00-Mago/notaioscarabocchio.mp3
[02/18/2019 03:44:01 pm]Incremento indice
[02/18/2019 03:44:01 pm]omxplayer Tracce/00-Mago/bifolco.mp3
[02/18/2019 03:45:29 pm]Incremento indice
[02/18/2019 03:45:29 pm]omxplayer Tracce/00-Mago/letresorelle.mp3
[02/18/2019 03:45:33 pm]Incremento indice
[02/18/2019 03:45:33 pm]omxplayer Tracce/00-Mago/notaioscarabocchio.mp3
[02/18/2019 03:47:14 pm]Incremento indice
[02/18/2019 03:47:14 pm]omxplayer Tracce/00-Mago/bifolco.mp3| at now & disown
[02/18/2019 03:50:44 pm]Incremento indice
[02/18/2019 03:50:44 pm]omxplayer -o alsa Tracce/00-Mago/letresorelle.mp3| at now & disown
[02/18/2019 03:51:28 pm]Incremento indice
[02/18/2019 03:51:28 pm]omxplayer -o alsa Tracce/00-Mago/notaioscarabocchio.mp3| at now & disown
[02/18/2019 03:51:55 pm]Incremento indice
[02/18/2019 03:51:56 pm]omxplayer -o alsa Tracce/00-Mago/bifolco.mp3 | at now & disown
[02/18/2019 03:54:48 pm]Incremento indice
[02/18/2019 03:54:48 pm]omxplayer -o alsa Tracce/00-Mago/letresorelle.mp3 | at now & disown
[02/18/2019 04:10:56 pm]Incremento indice
[02/18/2019 04:10:56 pm]omxplayer -o alsa Tracce/00-Mago/notaioscarabocchio.mp3 | at now & disown
[02/18/2019 04:22:18 pm]Incremento indice
[02/18/2019 04:22:18 pm]omxplayer -o alsa Tracce/00-Mago/bifolco.mp3 | at now & disown
[02/18/2019 04:23:52 pm]Cambio utente
[02/18/2019 04:23:52 pm]omxplayer -o alsa Tracce/00-Mago/bifolco.mp3 | at now & disown
[02/18/2019 04:24:00 pm]Incremento indice
[02/18/2019 04:24:00 pm]omxplayer -o alsa Tracce/00-Mago/letresorelle.mp3 | at now & disown
[02/18/2019 04:27:57 pm]Incremento indice
[02/18/2019 04:27:57 pm]omxplayer -o alsa Tracce/00-Mago/notaioscarabocchio.mp3
[02/18/2019 04:28:17 pm]Incremento indice
[02/18/2019 04:28:17 pm]omxplayer -o alsa Tracce/00-Mago/bifolco.mp3
[02/18/2019 04:36:25 pm]Incremento indice
[02/18/2019 04:36:25 pm]omxplayer -o alsa Tracce/00-Mago/letresorelle.mp3 | at now & disown
[02/18/2019 04:37:20 pm]Incremento indice
[02/18/2019 04:37:20 pm]omxplayer -o alsa Tracce/00-Mago/notaioscarabocchio.mp3 | at now & disown
[02/18/2019 05:11:45 pm]Incremento indice
[02/18/2019 05:11:45 pm]omxplayer Tracce/00-Mago/letresorelle.mp3 | at now & disown
[02/18/2019 05:12:30 pm]Incremento indice
[02/18/2019 05:12:30 pm]omxplayer Tracce/00-Mago/notaioscarabocchio.mp3
[02/19/2019 11:07:53 am]Incremento indice
[02/19/2019 11:07:53 am]omxplayer Tracce/00-Mago/letresorelle.mp3
[02/19/2019 11:07:58 am]Incremento indice
[02/19/2019 11:07:58 am]omxplayer Tracce/00-Mago/notaioscarabocchio.mp3
[02/19/2019 11:08:01 am]Incremento indice
[02/19/2019 11:08:01 am]omxplayer Tracce/00-Mago/bifolco.mp3
[02/19/2019 11:08:03 am]Incremento indice
[02/19/2019 11:08:03 am]omxplayer Tracce/00-Mago/letresorelle.mp3
[02/19/2019 11:08:05 am]Incremento indice
[02/19/2019 11:08:05 am]omxplayer Tracce/00-Mago/notaioscarabocchio.mp3
[02/19/2019 11:12:08 am]Incremento indice
[02/19/2019 11:12:08 am]omxplayer Tracce/00-Mago/bifolco.mp3 | at now & disown
[02/19/2019 11:42:10 am]Incremento indice
[02/19/2019 11:42:10 am]omxplayer Tracce/00-Mago/letresorelle.mp3
[02/19/2019 11:42:30 am]Incremento indice
[02/19/2019 11:42:30 am]omxplayer Tracce/00-Mago/notaioscarabocchio.mp3
[02/19/2019 11:42:32 am]Incremento indice
[02/19/2019 11:42:32 am]omxplayer Tracce/00-Mago/bifolco.mp3
[02/19/2019 11:42:37 am]Incremento indice
[02/19/2019 11:42:37 am]omxplayer Tracce/00-Mago/letresorelle.mp3
[02/19/2019 11:42:40 am]Incremento indice
[02/19/2019 11:42:40 am]omxplayer Tracce/00-Mago/notaioscarabocchio.mp3
[02/19/2019 11:42:43 am]Incremento indice
[02/19/2019 11:42:43 am]omxplayer Tracce/00-Mago/bifolco.mp3
[02/19/2019 11:43:04 am]Incremento indice
[02/19/2019 11:43:04 am]omxplayer Tracce/00-Mago/letresorelle.mp3
[02/19/2019 11:43:11 am]Incremento indice
[02/19/2019 11:43:11 am]omxplayer Tracce/00-Mago/notaioscarabocchio.mp3
[02/19/2019 11:47:53 am]Incremento indice
[02/19/2019 11:47:53 am]riproduciTraccia Tracce/00-Mago/bifolco.mp3
[02/19/2019 11:48:20 am]Incremento indice
[02/19/2019 11:48:21 am]riproduciTraccia Tracce/00-Mago/letresorelle.mp3
[02/19/2019 11:48:21 am]Incremento indice
[02/19/2019 11:48:21 am]riproduciTraccia Tracce/00-Mago/notaioscarabocchio.mp3
[02/19/2019 11:48:22 am]Incremento indice
[02/19/2019 11:48:22 am]riproduciTraccia Tracce/00-Mago/bifolco.mp3
[02/19/2019 11:48:23 am]Incremento indice
[02/19/2019 11:48:23 am]riproduciTraccia Tracce/00-Mago/letresorelle.mp3
[02/19/2019 11:49:27 am]Incremento indice
[02/19/2019 11:49:27 am]./riproduciTraccia Tracce/00-Mago/notaioscarabocchio.mp3
[02/19/2019 11:50:12 am]Incremento indice
[02/19/2019 11:50:12 am]./riproduciTraccia.sh Tracce/00-Mago/bifolco.mp3
[02/19/2019 11:50:47 am]Incremento indice
[02/19/2019 11:50:47 am]./riproduciTraccia.sh Tracce/00-Mago/letresorelle.mp3
[02/19/2019 11:55:49 am]Incremento indice
[02/19/2019 11:55:49 am]./riproduciTraccia.sh Tracce/00-Mago/notaioscarabocchio.mp3
[02/19/2019 11:59:38 am]Incremento indice
[02/19/2019 11:59:38 am]./riproduciTraccia.sh Tracce/00-Mago/bifolco.mp3
[02/19/2019 12:40:40 pm]Incremento indice
[02/19/2019 12:40:40 pm]./riproduciTraccia.sh Tracce/00-Mago/letresorelle.mp3
[02/19/2019 01:05:13 pm]Incremento indice
[02/19/2019 01:05:13 pm]./riproduciTraccia.sh Tracce/00-Mago/notaioscarabocchio.mp3
[02/19/2019 01:07:11 pm]Incremento indice
[02/19/2019 01:07:11 pm]./riproduciTraccia.sh Tracce/00-Mago/bifolco.mp3
[02/19/2019 01:11:10 pm]Incremento indice
[02/19/2019 01:11:10 pm]./riproduciTraccia.sh Tracce/00-Mago/letresorelle.mp3
[02/19/2019 01:14:01 pm]Incremento indice
[02/19/2019 01:14:01 pm]./riproduciTraccia.sh Tracce/00-Mago/notaioscarabocchio.mp3
[02/19/2019 01:14:45 pm]Incremento indice
[02/19/2019 01:14:45 pm]./riproduciTraccia.sh Tracce/00-Mago/bifolco.mp3
[02/19/2019 01:14:47 pm]Incremento indice
[02/19/2019 01:14:47 pm]./riproduciTraccia.sh Tracce/00-Mago/letresorelle.mp3
[02/19/2019 01:14:59 pm]Incremento indice
[02/19/2019 01:14:59 pm]./riproduciTraccia.sh Tracce/00-Mago/notaioscarabocchio.mp3
[02/19/2019 01:16:44 pm]Incremento indice
[02/19/2019 01:16:44 pm]./riproduciTraccia.sh Tracce/00-Mago/bifolco.mp3
[02/19/2019 01:17:07 pm]Incremento indice
[02/19/2019 01:17:07 pm]./riproduciTraccia.sh Tracce/00-Mago/letresorelle.mp3
[02/19/2019 01:24:21 pm]Incremento indice
[02/19/2019 01:24:21 pm]./riproduciTraccia.sh Tracce/00-Mago/notaioscarabocchio.mp3
[02/19/2019 01:26:16 pm]Incremento indice
[02/19/2019 01:26:16 pm]./riproduciTraccia.sh Tracce/00-Mago/bifolco.mp3
[02/19/2019 01:27:33 pm]Incremento indice
[02/19/2019 01:27:33 pm]./riproduciTraccia.sh Tracce/00-Mago/letresorelle.mp3
[02/19/2019 01:35:08 pm]Incremento indice
[02/19/2019 01:35:08 pm]./riproduciTraccia.sh Tracce/00-Mago/notaioscarabocchio.mp3
[02/19/2019 01:35:55 pm]Incremento indice
[02/19/2019 01:35:55 pm]./riproduciTraccia.sh Tracce/00-Mago/bifolco.mp3
[02/19/2019 01:35:58 pm]Incremento indice
[02/19/2019 01:35:58 pm]./riproduciTraccia.sh Tracce/00-Mago/letresorelle.mp3
[02/19/2019 01:35:59 pm]Incremento indice
[02/19/2019 01:35:59 pm]./riproduciTraccia.sh Tracce/00-Mago/notaioscarabocchio.mp3
[02/19/2019 01:36:00 pm]Incremento indice
[02/19/2019 01:36:00 pm]./riproduciTraccia.sh Tracce/00-Mago/bifolco.mp3
[02/19/2019 01:36:02 pm]Incremento indice
[02/19/2019 01:36:02 pm]./riproduciTraccia.sh Tracce/00-Mago/letresorelle.mp3
[02/19/2019 01:36:05 pm]Incremento indice
[02/19/2019 01:36:05 pm]./riproduciTraccia.sh Tracce/00-Mago/notaioscarabocchio.mp3
[02/19/2019 01:36:07 pm]Cambio utente
[02/19/2019 01:36:07 pm]./riproduciTraccia.sh Tracce/01-Strega/test1.mp3
[02/19/2019 01:36:08 pm]Incremento indice
[02/19/2019 01:36:08 pm]./riproduciTraccia.sh Tracce/01-Strega/test2.mp3
[02/19/2019 01:36:11 pm]Incremento indice
[02/19/2019 01:36:11 pm]./riproduciTraccia.sh Tracce/01-Strega/test3.mp3
[02/19/2019 01:36:12 pm]Incremento indice
[02/19/2019 01:36:12 pm]./riproduciTraccia.sh Tracce/01-Strega/test4.mp3
[02/19/2019 01:36:13 pm]Incremento indice
[02/19/2019 01:36:13 pm]./riproduciTraccia.sh Tracce/01-Strega/test1.mp3
[02/19/2019 01:36:15 pm]Cambio utente
[02/19/2019 01:36:15 pm]./riproduciTraccia.sh Tracce/00-Mago/test1.mp3
[02/19/2019 01:36:15 pm]Incremento indice
[02/19/2019 01:36:15 pm]./riproduciTraccia.sh Tracce/00-Mago/test2.mp3
[02/19/2019 01:36:17 pm]Incremento indice
[02/19/2019 01:36:17 pm]./riproduciTraccia.sh Tracce/00-Mago/test3.mp3
[02/19/2019 01:36:19 pm]Incremento indice
[02/19/2019 01:36:19 pm]./riproduciTraccia.sh Tracce/00-Mago/test4.mp3
[02/19/2019 01:39:05 pm]Incremento indice
[02/19/2019 01:39:05 pm]./riproduciTraccia.sh Tracce/00-Mago/test1.mp3
[02/19/2019 01:41:46 pm]Incremento indice
[02/19/2019 01:41:46 pm]./riproduciTraccia.sh Tracce/00-Mago/test2.mp3
[02/19/2019 01:41:50 pm]Incremento indice
[02/19/2019 01:41:50 pm]./riproduciTraccia.sh Tracce/00-Mago/test3.mp3
[02/19/2019 01:41:54 pm]Incremento indice
[02/19/2019 01:41:54 pm]./riproduciTraccia.sh Tracce/00-Mago/test4.mp3
[02/19/2019 01:42:00 pm]Incremento indice
[02/19/2019 01:42:00 pm]./riproduciTraccia.sh Tracce/00-Mago/test1.mp3
[02/19/2019 01:42:14 pm]Incremento indice
[02/19/2019 01:42:14 pm]./riproduciTraccia.sh Tracce/00-Mago/test2.mp3
[02/19/2019 01:42:17 pm]Incremento indice
[02/19/2019 01:42:17 pm]./riproduciTraccia.sh Tracce/00-Mago/test3.mp3
[02/19/2019 01:42:20 pm]Incremento indice
[02/19/2019 01:42:20 pm]./riproduciTraccia.sh Tracce/00-Mago/test4.mp3
[02/19/2019 01:42:27 pm]Cambio utente
[02/19/2019 01:42:31 pm]Incremento indice
[02/19/2019 01:42:31 pm]./riproduciTraccia.sh Tracce/01-Strega/test2.mp3
[02/19/2019 01:42:34 pm]Incremento indice
[02/19/2019 01:42:34 pm]./riproduciTraccia.sh Tracce/01-Strega/test3.mp3
[02/19/2019 01:42:39 pm]Cambio utente
[02/19/2019 01:42:39 pm]./riproduciTraccia.sh Tracce/00-Mago/test1.mp3
[02/19/2019 01:42:46 pm]Incremento indice
[02/19/2019 01:42:46 pm]./riproduciTraccia.sh Tracce/00-Mago/test2.mp3
[02/19/2019 01:42:49 pm]Incremento indice
[02/19/2019 01:42:49 pm]./riproduciTraccia.sh Tracce/00-Mago/test3.mp3
[02/19/2019 01:42:52 pm]Incremento indice
[02/19/2019 01:42:52 pm]./riproduciTraccia.sh Tracce/00-Mago/test4.mp3
[02/19/2019 01:42:57 pm]Cambio utente
[02/19/2019 01:43:00 pm]Incremento indice
[02/19/2019 01:43:00 pm]./riproduciTraccia.sh Tracce/01-Strega/test2.mp3
[02/19/2019 01:45:18 pm]Incremento indice
[02/19/2019 01:45:18 pm]./riproduciTraccia.sh Tracce/01-Strega/test3.mp3
[02/19/2019 01:45:23 pm]Cambio utente
[02/19/2019 01:45:23 pm]./riproduciTraccia.sh Tracce/00-Mago/test1.mp3
[02/19/2019 01:45:29 pm]Incremento indice
[02/19/2019 01:45:29 pm]./riproduciTraccia.sh Tracce/00-Mago/test2.mp3
[02/19/2019 01:45:35 pm]Cambio utente
[02/19/2019 01:45:35 pm]Incremento indice
[02/19/2019 01:45:35 pm]./riproduciTraccia.sh Tracce/01-Strega/test2.mp3
[02/19/2019 01:51:57 pm]Incremento indice
[02/19/2019 01:51:57 pm]./riproduciTraccia.sh Tracce/01-Strega/test3.mp3
[02/19/2019 01:52:02 pm]Cambio utente
[02/19/2019 01:52:02 pm]./riproduciTraccia.sh Tracce/00-Mago/test1.mp3
[02/19/2019 01:52:09 pm]Incremento indice
[02/19/2019 01:52:09 pm]./riproduciTraccia.sh Tracce/00-Mago/test2.mp3
[02/19/2019 01:52:12 pm]Incremento indice
[02/19/2019 01:52:12 pm]./riproduciTraccia.sh Tracce/00-Mago/test3.mp3
[02/19/2019 01:52:15 pm]Incremento indice
[02/19/2019 01:52:15 pm]./riproduciTraccia.sh Tracce/00-Mago/test4.mp3
[02/19/2019 01:52:21 pm]Cambio utente
[02/19/2019 01:52:48 pm]Incremento indice
[02/19/2019 01:52:48 pm]./riproduciTraccia.sh Tracce/01-Strega/test2.mp3
[02/19/2019 01:52:51 pm]Cambio utente
[02/19/2019 01:52:51 pm]./riproduciTraccia.sh Tracce/00-Mago/test1.mp3
[02/19/2019 01:52:58 pm]Cambio utente
[02/19/2019 01:53:02 pm]Cambio utente
[02/19/2019 01:53:02 pm]./riproduciTraccia.sh Tracce/00-Mago/test1.mp3
[02/19/2019 01:53:09 pm]Incremento indice
[02/19/2019 01:53:09 pm]./riproduciTraccia.sh Tracce/00-Mago/test2.mp3
[02/19/2019 01:53:36 pm]Incremento indice
[02/19/2019 01:53:36 pm]./riproduciTraccia.sh Tracce/00-Mago/test2.mp3
[02/19/2019 01:53:42 pm]Incremento indice
[02/19/2019 01:53:42 pm]./riproduciTraccia.sh Tracce/00-Mago/test2.mp3
[02/19/2019 01:53:47 pm]Incremento indice
[02/19/2019 01:53:47 pm]./riproduciTraccia.sh Tracce/00-Mago/test2.mp3
[02/19/2019 01:53:52 pm]Incremento indice
[02/19/2019 01:53:52 pm]./riproduciTraccia.sh Tracce/00-Mago/test2.mp3
[02/19/2019 01:54:24 pm]Incremento indice
[02/19/2019 01:54:24 pm]./riproduciTraccia.sh Tracce/00-Mago/test3.mp3
[02/19/2019 01:54:28 pm]Incremento indice
[02/19/2019 01:54:28 pm]./riproduciTraccia.sh Tracce/00-Mago/test4.mp3
[02/19/2019 01:54:34 pm]Incremento indice
[02/19/2019 01:54:34 pm]./riproduciTraccia.sh Tracce/00-Mago/test2.mp3
[02/19/2019 01:54:37 pm]Incremento indice
[02/19/2019 01:54:37 pm]./riproduciTraccia.sh Tracce/00-Mago/test2.mp3
[02/19/2019 01:54:41 pm]Incremento indice
[02/19/2019 01:54:41 pm]./riproduciTraccia.sh Tracce/00-Mago/test2.mp3
[02/19/2019 01:54:44 pm]Cambio utente
[02/19/2019 01:54:46 pm]Incremento indice
[02/19/2019 01:54:46 pm]./riproduciTraccia.sh Tracce/01-Strega/test2.mp3
[02/19/2019 01:54:49 pm]Incremento indice
[02/19/2019 01:54:49 pm]./riproduciTraccia.sh Tracce/01-Strega/test2.mp3
[02/19/2019 01:54:54 pm]Cambio utente
[02/19/2019 01:54:54 pm]./riproduciTraccia.sh Tracce/00-Mago/test1.mp3
[02/19/2019 01:55:01 pm]Incremento indice
[02/19/2019 01:55:01 pm]./riproduciTraccia.sh Tracce/00-Mago/test2.mp3
[02/19/2019 01:55:04 pm]Incremento indice
[02/19/2019 01:55:04 pm]./riproduciTraccia.sh Tracce/00-Mago/test3.mp3
[02/19/2019 01:55:07 pm]Incremento indice
[02/19/2019 01:55:07 pm]./riproduciTraccia.sh Tracce/00-Mago/test4.mp3
[02/19/2019 01:55:12 pm]Cambio utente
[02/19/2019 01:55:15 pm]Incremento indice
[02/19/2019 01:55:15 pm]./riproduciTraccia.sh Tracce/01-Strega/test2.mp3
[02/19/2019 01:55:19 pm]Incremento indice
[02/19/2019 01:55:19 pm]./riproduciTraccia.sh Tracce/01-Strega/test3.mp3
[02/19/2019 01:55:22 pm]Incremento indice
[02/19/2019 01:55:22 pm]./riproduciTraccia.sh Tracce/01-Strega/test4.mp3
[02/19/2019 01:55:30 pm]Cambio utente
[02/19/2019 01:55:30 pm]./riproduciTraccia.sh Tracce/00-Mago/test1.mp3
[02/19/2019 01:55:37 pm]Incremento indice
[02/19/2019 01:55:37 pm]./riproduciTraccia.sh Tracce/00-Mago/test2.mp3
[02/19/2019 01:55:40 pm]Incremento indice
[02/19/2019 01:55:40 pm]./riproduciTraccia.sh Tracce/00-Mago/test3.mp3
[02/19/2019 01:55:47 pm]Cambio utente
[02/19/2019 01:55:48 pm]Incremento indice
[02/19/2019 01:55:48 pm]./riproduciTraccia.sh Tracce/01-Strega/test2.mp3
[02/19/2019 01:55:52 pm]Incremento indice
[02/19/2019 01:55:52 pm]./riproduciTraccia.sh Tracce/01-Strega/test2.mp3
[02/19/2019 01:55:55 pm]Incremento indice
[02/19/2019 01:55:55 pm]./riproduciTraccia.sh Tracce/01-Strega/test2.mp3
[02/19/2019 01:56:13 pm]Incremento indice
[02/19/2019 01:56:13 pm]./riproduciTraccia.sh Tracce/01-Strega/test2.mp3
[02/19/2019 01:56:17 pm]Incremento indice
[02/19/2019 01:56:17 pm]./riproduciTraccia.sh Tracce/01-Strega/test2.mp3
[02/19/2019 01:56:23 pm]Cambio utente
[02/19/2019 01:56:23 pm]./riproduciTraccia.sh Tracce/00-Mago/test1.mp3
[02/19/2019 01:56:38 pm]Incremento indice
[02/19/2019 01:56:38 pm]./riproduciTraccia.sh Tracce/00-Mago/test2.mp3
[02/19/2019 01:56:40 pm]Incremento indice
[02/19/2019 01:56:40 pm]./riproduciTraccia.sh Tracce/00-Mago/test3.mp3
[02/19/2019 01:56:46 pm]Incremento indice
[02/19/2019 01:56:46 pm]./riproduciTraccia.sh Tracce/00-Mago/test4.mp3
[02/19/2019 01:56:52 pm]Cambio utente
[02/19/2019 01:56:52 pm]Incremento indice
[02/19/2019 01:56:52 pm]./riproduciTraccia.sh Tracce/01-Strega/test2.mp3
[02/19/2019 01:57:51 pm]Incremento indice
[02/19/2019 01:57:51 pm]./riproduciTraccia.sh Tracce/01-Strega/test3.mp3
[02/19/2019 01:58:22 pm]Incremento indice
[02/19/2019 01:58:22 pm]./riproduciTraccia.sh Tracce/01-Strega/test4.mp3
[02/19/2019 01:58:26 pm]Cambio utente
[02/19/2019 01:58:26 pm]./riproduciTraccia.sh Tracce/00-Mago/test1.mp3
[02/19/2019 01:58:50 pm]Incremento indice
[02/19/2019 01:58:50 pm]./riproduciTraccia.sh Tracce/00-Mago/test2.mp3
[02/19/2019 01:58:53 pm]Incremento indice
[02/19/2019 01:58:53 pm]./riproduciTraccia.sh Tracce/00-Mago/test3.mp3
[02/19/2019 01:58:59 pm]Incremento indice
[02/19/2019 01:58:59 pm]./riproduciTraccia.sh Tracce/00-Mago/test4.mp3
[02/19/2019 01:59:03 pm]Incremento indice
[02/19/2019 01:59:03 pm]./riproduciTraccia.sh Tracce/00-Mago/test1.mp3
[02/19/2019 01:59:14 pm]Cambio utente
[02/19/2019 01:59:16 pm]Incremento indice
[02/19/2019 01:59:16 pm]./riproduciTraccia.sh Tracce/01-Strega/test2.mp3
[02/19/2019 02:13:45 pm]Incremento indice
[02/19/2019 02:13:45 pm]./riproduciTraccia.sh Tracce/01-Strega/test3.mp3
[02/19/2019 02:13:48 pm]Incremento indice
[02/19/2019 02:13:48 pm]./riproduciTraccia.sh Tracce/01-Strega/test4.mp3
[02/19/2019 02:13:52 pm]Incremento indice
[02/19/2019 02:13:52 pm]./riproduciTraccia.sh Tracce/01-Strega/test1.mp3
[02/19/2019 02:14:02 pm]Cambio utente
[02/19/2019 02:14:02 pm]./riproduciTraccia.sh Tracce/00-Mago/test1.mp3
[02/19/2019 02:14:09 pm]Incremento indice
[02/19/2019 02:14:09 pm]./riproduciTraccia.sh Tracce/00-Mago/test2.mp3
[02/19/2019 02:14:12 pm]Incremento indice
[02/19/2019 02:14:12 pm]./riproduciTraccia.sh Tracce/00-Mago/test3.mp3
[02/19/2019 02:14:15 pm]Incremento indice
[02/19/2019 02:14:15 pm]./riproduciTraccia.sh Tracce/00-Mago/test4.mp3
[02/19/2019 02:14:20 pm]Incremento indice
[02/19/2019 02:14:20 pm]./riproduciTraccia.sh Tracce/00-Mago/test1.mp3
[02/19/2019 02:14:29 pm]Cambio utente
[02/19/2019 02:14:35 pm]Incremento indice
[02/19/2019 02:14:35 pm]./riproduciTraccia.sh Tracce/01-Strega/test2.mp3
[02/19/2019 02:14:39 pm]Incremento indice
[02/19/2019 02:14:39 pm]./riproduciTraccia.sh Tracce/01-Strega/test3.mp3
[02/19/2019 02:14:42 pm]Incremento indice
[02/19/2019 02:14:42 pm]./riproduciTraccia.sh Tracce/01-Strega/test4.mp3
[02/19/2019 02:14:46 pm]Incremento indice
[02/19/2019 02:14:46 pm]./riproduciTraccia.sh Tracce/01-Strega/test1.mp3
[02/19/2019 02:14:53 pm]Cambio utente
[02/19/2019 02:14:53 pm]./riproduciTraccia.sh Tracce/00-Mago/test1.mp3
[02/19/2019 02:15:00 pm]Incremento indice
[02/19/2019 02:15:00 pm]./riproduciTraccia.sh Tracce/00-Mago/test2.mp3
[02/19/2019 02:17:48 pm]Incremento indice
[02/19/2019 02:17:48 pm]./riproduciTraccia.sh Tracce/00-Mago/test2.mp3
[02/19/2019 02:21:37 pm]Incremento indice
[02/19/2019 02:21:37 pm]./riproduciTraccia.sh Tracce/00-Mago/test3.mp3
[02/19/2019 02:40:51 pm]Incremento indice
[02/19/2019 02:40:51 pm]./riproduciTraccia.sh Tracce/00-Mago/test4.mp3
[02/19/2019 02:40:59 pm]Cambio utente
[02/19/2019 02:41:00 pm]Incremento indice
[02/19/2019 02:41:00 pm]./riproduciTraccia.sh Tracce/01-Strega/test2.mp3
[02/19/2019 02:41:03 pm]Incremento indice
[02/19/2019 02:41:03 pm]./riproduciTraccia.sh Tracce/01-Strega/test3.mp3
[02/19/2019 02:41:10 pm]Cambio utente
[02/19/2019 02:41:10 pm]./riproduciTraccia.sh Tracce/00-Mago/test1.mp3
[02/19/2019 03:02:31 pm]Incremento indice
[02/19/2019 03:02:31 pm]./riproduciTraccia.sh Tracce/00-Mago/test2.mp3
[02/19/2019 03:02:35 pm]Cambio utente
[02/19/2019 03:02:37 pm]Incremento indice
[02/19/2019 03:02:37 pm]./riproduciTraccia.sh Tracce/01-Strega/test2.mp3
[02/19/2019 03:03:11 pm]Cambio utente
[02/19/2019 03:03:11 pm]./riproduciTraccia.sh Tracce/02-Albero/test1.mp3
[02/19/2019 03:03:18 pm]Cambio utente
[02/19/2019 03:03:18 pm]./riproduciTraccia.sh Tracce/01-Strega/test1.mp3
[02/19/2019 03:03:25 pm]Cambio utente
[02/19/2019 03:03:25 pm]./riproduciTraccia.sh Tracce/02-Albero/test1.mp3
[02/19/2019 03:25:02 pm]Incremento indice
[02/19/2019 03:25:02 pm]./riproduciTraccia.sh Tracce/02-Albero/test2.mp3
[02/19/2019 03:25:06 pm]Cambio utente
[02/19/2019 03:25:06 pm]./riproduciTraccia.sh Tracce/01-Strega/test1.mp3
[02/19/2019 03:25:13 pm]Cambio utente
[02/19/2019 03:25:13 pm]./riproduciTraccia.sh Tracce/00-Mago/test1.mp3
[02/19/2019 04:30:57 pm]Incremento indice
[02/19/2019 04:30:57 pm]./riproduciTraccia.sh Tracce/00-Mago/test2.mp3
[02/19/2019 04:42:49 pm]Cambio utente
[02/19/2019 04:42:51 pm]Incremento indice
[02/19/2019 04:42:52 pm]./riproduciTraccia.sh Tracce/01-Strega/test2.mp3
[02/19/2019 04:42:56 pm]Incremento indice
[02/19/2019 04:42:56 pm]./riproduciTraccia.sh Tracce/01-Strega/test3.mp3
[02/19/2019 04:42:57 pm]Incremento indice
[02/19/2019 04:42:57 pm]./riproduciTraccia.sh Tracce/01-Strega/test4.mp3
[02/19/2019 04:42:57 pm]Incremento indice
[02/19/2019 04:42:57 pm]./riproduciTraccia.sh Tracce/01-Strega/test1.mp3
[02/19/2019 04:42:58 pm]Incremento indice
[02/19/2019 04:42:58 pm]./riproduciTraccia.sh Tracce/01-Strega/test2.mp3
[02/19/2019 04:42:58 pm]Incremento indice
[02/19/2019 04:42:58 pm]./riproduciTraccia.sh Tracce/01-Strega/test3.mp3
[02/19/2019 04:43:00 pm]Incremento indice
[02/19/2019 04:43:00 pm]./riproduciTraccia.sh Tracce/01-Strega/test4.mp3
[02/19/2019 04:43:00 pm]Incremento indice
[02/19/2019 04:43:00 pm]./riproduciTraccia.sh Tracce/01-Strega/test1.mp3
[02/19/2019 04:43:02 pm]Incremento indice
[02/19/2019 04:43:02 pm]./riproduciTraccia.sh Tracce/01-Strega/test2.mp3
[02/19/2019 04:43:03 pm]Incremento indice
[02/19/2019 04:43:03 pm]./riproduciTraccia.sh Tracce/01-Strega/test3.mp3
[02/19/2019 04:43:03 pm]Incremento indice
[02/19/2019 04:43:03 pm]./riproduciTraccia.sh Tracce/01-Strega/test4.mp3
[02/19/2019 04:43:11 pm]Cambio utente
[02/19/2019 04:43:11 pm]./riproduciTraccia.sh Tracce/00-Mago/test1.mp3
[02/19/2019 04:43:14 pm]Incremento indice
[02/19/2019 04:43:14 pm]./riproduciTraccia.sh Tracce/00-Mago/test2.mp3
[02/19/2019 04:43:15 pm]Incremento indice
[02/19/2019 04:43:15 pm]./riproduciTraccia.sh Tracce/00-Mago/test3.mp3
[02/19/2019 04:43:16 pm]Incremento indice
[02/19/2019 04:43:16 pm]./riproduciTraccia.sh Tracce/00-Mago/test4.mp3
[02/19/2019 04:43:17 pm]Incremento indice
[02/19/2019 04:43:17 pm]./riproduciTraccia.sh Tracce/00-Mago/test1.mp3
[02/19/2019 04:43:18 pm]Incremento indice
[02/19/2019 04:43:18 pm]./riproduciTraccia.sh Tracce/00-Mago/test2.mp3
[02/19/2019 04:43:27 pm]Cambio utente
[02/19/2019 04:43:33 pm]Incremento indice
[02/19/2019 04:43:33 pm]./riproduciTraccia.sh Tracce/01-Strega/test2.mp3
[02/19/2019 04:43:33 pm]Incremento indice
[02/19/2019 04:43:33 pm]./riproduciTraccia.sh Tracce/01-Strega/test3.mp3
[02/19/2019 04:43:34 pm]Incremento indice
[02/19/2019 04:43:34 pm]./riproduciTraccia.sh Tracce/01-Strega/test4.mp3
[02/19/2019 04:43:35 pm]Incremento indice
[02/19/2019 04:43:35 pm]./riproduciTraccia.sh Tracce/01-Strega/test1.mp3
[02/19/2019 04:43:35 pm]Incremento indice
[02/19/2019 04:43:35 pm]./riproduciTraccia.sh Tracce/01-Strega/test2.mp3
[02/19/2019 04:43:36 pm]Incremento indice
[02/19/2019 04:43:36 pm]./riproduciTraccia.sh Tracce/01-Strega/test3.mp3
[02/19/2019 04:43:36 pm]Incremento indice
[02/19/2019 04:43:36 pm]./riproduciTraccia.sh Tracce/01-Strega/test4.mp3
[02/19/2019 04:43:37 pm]Incremento indice
[02/19/2019 04:43:37 pm]./riproduciTraccia.sh Tracce/01-Strega/test1.mp3
[02/19/2019 04:43:38 pm]Incremento indice
[02/19/2019 04:43:38 pm]./riproduciTraccia.sh Tracce/01-Strega/test2.mp3
[02/19/2019 04:43:38 pm]Incremento indice
[02/19/2019 04:43:38 pm]./riproduciTraccia.sh Tracce/01-Strega/test3.mp3
[02/19/2019 04:43:39 pm]Incremento indice
[02/19/2019 04:43:39 pm]./riproduciTraccia.sh Tracce/01-Strega/test4.mp3
[02/19/2019 04:43:39 pm]Incremento indice
[02/19/2019 04:43:39 pm]./riproduciTraccia.sh Tracce/01-Strega/test1.mp3
[02/19/2019 04:43:40 pm]Incremento indice
[02/19/2019 04:43:40 pm]./riproduciTraccia.sh Tracce/01-Strega/test2.mp3
[02/19/2019 04:44:57 pm]Incremento indice
[02/19/2019 04:44:57 pm]./riproduciTraccia.sh Tracce/01-Strega/test3.mp3
[02/19/2019 04:45:00 pm]Incremento indice
[02/19/2019 04:45:00 pm]./riproduciTraccia.sh Tracce/01-Strega/test4.mp3
[02/19/2019 04:45:02 pm]Incremento indice
[02/19/2019 04:45:02 pm]./riproduciTraccia.sh Tracce/01-Strega/test1.mp3
[02/19/2019 04:49:30 pm]Cambio utente
[02/19/2019 04:49:30 pm]./riproduciTraccia.sh Tracce/00-Mago/test1.mp3
[02/19/2019 04:49:31 pm]Incremento indice
[02/19/2019 04:49:31 pm]./riproduciTraccia.sh Tracce/00-Mago/test2.mp3
[02/19/2019 04:51:41 pm]Cambio utente
[02/19/2019 04:51:43 pm]Incremento indice
[02/19/2019 04:51:43 pm]./riproduciTraccia.sh Tracce/01-Strega/test2.mp3
[02/19/2019 04:51:46 pm]Incremento indice
[02/19/2019 04:51:46 pm]./riproduciTraccia.sh Tracce/01-Strega/test3.mp3
[02/19/2019 04:51:48 pm]Cambio utente
[02/19/2019 04:51:48 pm]./riproduciTraccia.sh Tracce/02-Albero/test1.mp3
[02/19/2019 04:53:14 pm]Incremento indice
[02/19/2019 04:53:14 pm]./riproduciTraccia.sh Tracce/02-Albero/test2.mp3
[02/19/2019 04:53:29 pm]Incremento indice
[02/19/2019 04:53:29 pm]./riproduciTraccia.sh Tracce/02-Albero/test3.mp3
[02/19/2019 04:53:37 pm]Incremento indice
[02/19/2019 04:53:37 pm]./riproduciTraccia.sh Tracce/02-Albero/test4.mp3
[02/19/2019 04:54:01 pm]Incremento indice
[02/19/2019 04:54:01 pm]./riproduciTraccia.sh Tracce/02-Albero/test1.mp3
[02/19/2019 04:54:08 pm]Cambio utente
[02/19/2019 04:54:08 pm]./riproduciTraccia.sh Tracce/01-Strega/test1.mp3
[02/19/2019 05:00:56 pm]Incremento indice
[02/19/2019 05:00:56 pm]./riproduciTraccia.sh Tracce/01-Strega/test2.mp3
[02/19/2019 05:01:00 pm]Incremento indice
[02/19/2019 05:01:00 pm]./riproduciTraccia.sh Tracce/01-Strega/test3.mp3
[02/19/2019 05:01:04 pm]Incremento indice
[02/19/2019 05:01:04 pm]./riproduciTraccia.sh Tracce/01-Strega/test4.mp3
[02/19/2019 05:01:08 pm]Incremento indice
[02/19/2019 05:01:08 pm]./riproduciTraccia.sh Tracce/01-Strega/test1.mp3
[02/19/2019 05:05:25 pm]Incremento indice
[02/19/2019 05:05:25 pm]./riproduciTraccia.sh Tracce/01-Strega/test2.mp3
[02/19/2019 05:07:18 pm]Incremento indice
[02/19/2019 05:07:18 pm]./riproduciTraccia.sh Tracce/01-Strega/test3.mp3
[02/19/2019 05:07:21 pm]Incremento indice
[02/19/2019 05:07:21 pm]./riproduciTraccia.sh Tracce/01-Strega/test4.mp3
[02/19/2019 05:08:00 pm]Incremento indice
[02/19/2019 05:08:00 pm]./riproduciTraccia.sh Tracce/01-Strega/test1.mp3
[02/19/2019 05:15:31 pm]Incremento indice
[02/19/2019 05:15:31 pm]./riproduciTraccia.sh Tracce/01-Strega/test2.mp3
[02/19/2019 05:18:31 pm]Incremento indice
[02/19/2019 05:18:31 pm]./riproduciTraccia.sh Tracce/01-Strega/test3.mp3
[02/19/2019 05:18:49 pm]Incremento indice
[02/19/2019 05:18:49 pm]./riproduciTraccia.sh Tracce/01-Strega/test4.mp3
[02/19/2019 05:34:39 pm]Incremento indice
[02/19/2019 05:34:39 pm]./riproduciTraccia.sh Tracce/01-Strega/test4.mp3
[02/19/2019 05:35:24 pm]Incremento indice
[02/19/2019 05:35:24 pm]./riproduciTraccia.sh Tracce/01-Strega/test1.mp3
[02/19/2019 05:35:53 pm]Incremento indice
[02/19/2019 05:35:53 pm]./riproduciTraccia.sh Tracce/01-Strega/test2.mp3
[02/19/2019 05:37:54 pm]Incremento indice
[02/19/2019 05:37:54 pm]./riproduciTraccia.sh Tracce/01-Strega/test3.mp3
[02/19/2019 05:38:21 pm]Incremento indice
[02/19/2019 05:38:21 pm]./riproduciTraccia.sh Tracce/01-Strega/test4.mp3
[02/19/2019 05:40:04 pm]Incremento indice
[02/19/2019 05:40:04 pm]./riproduciTraccia.sh Tracce/01-Strega/test1.mp3
[02/19/2019 05:40:13 pm]Incremento indice
[02/19/2019 05:40:13 pm]./riproduciTraccia.sh Tracce/01-Strega/test2.mp3
[02/19/2019 05:40:17 pm]Incremento indice
[02/19/2019 05:40:17 pm]./riproduciTraccia.sh Tracce/01-Strega/test3.mp3
[02/19/2019 05:40:22 pm]Cambio utente
[02/19/2019 05:40:22 pm]./riproduciTraccia.sh Tracce/00-Mago/test1.mp3
[02/19/2019 05:40:58 pm]Incremento indice
[02/19/2019 05:40:58 pm]./riproduciTraccia.sh Tracce/00-Mago/test2.mp3
[02/19/2019 05:41:08 pm]Incremento indice
[02/19/2019 05:41:08 pm]./riproduciTraccia.sh Tracce/00-Mago/test3.mp3
[02/19/2019 05:41:32 pm]Incremento indice
[02/19/2019 05:41:32 pm]./riproduciTraccia.sh Tracce/00-Mago/test4.mp3
[02/19/2019 05:41:43 pm]Incremento indice
[02/19/2019 05:41:43 pm]./riproduciTraccia.sh Tracce/00-Mago/test1.mp3
[02/19/2019 05:42:31 pm]Incremento indice
[02/19/2019 05:42:31 pm]./riproduciTraccia.sh Tracce/00-Mago/test2.mp3
[02/19/2019 05:43:13 pm]Incremento indice
[02/19/2019 05:43:13 pm]./riproduciTraccia.sh Tracce/00-Mago/test3.mp3
[02/19/2019 05:43:16 pm]Incremento indice
[02/19/2019 05:43:16 pm]./riproduciTraccia.sh Tracce/00-Mago/test4.mp3
[02/19/2019 05:43:21 pm]Incremento indice
[02/19/2019 05:43:21 pm]./riproduciTraccia.sh Tracce/00-Mago/test1.mp3
[02/19/2019 05:43:28 pm]Incremento indice
[02/19/2019 05:43:28 pm]./riproduciTraccia.sh Tracce/00-Mago/test2.mp3
[02/19/2019 05:43:34 pm]Cambio utente
[02/19/2019 05:43:38 pm]Incremento indice
[02/19/2019 05:43:38 pm]./riproduciTraccia.sh Tracce/01-Strega/test2.mp3
[02/19/2019 05:43:43 pm]Incremento indice
[02/19/2019 05:43:43 pm]./riproduciTraccia.sh Tracce/01-Strega/test3.mp3
[02/19/2019 05:43:47 pm]Incremento indice
[02/19/2019 05:43:47 pm]./riproduciTraccia.sh Tracce/01-Strega/test4.mp3
[02/19/2019 05:43:52 pm]Incremento indice
[02/19/2019 05:43:52 pm]./riproduciTraccia.sh Tracce/01-Strega/test1.mp3
[02/19/2019 05:43:59 pm]Cambio utente
[02/19/2019 05:43:59 pm]./riproduciTraccia.sh Tracce/02-Albero/test1.mp3
[02/19/2019 05:45:20 pm]Incremento indice
[02/19/2019 05:45:20 pm]./riproduciTraccia.sh Tracce/02-Albero/test2.mp3
[02/19/2019 05:45:24 pm]Incremento indice
[02/19/2019 05:45:24 pm]./riproduciTraccia.sh Tracce/02-Albero/test3.mp3
[02/19/2019 05:45:31 pm]Cambio utente
[02/19/2019 05:45:31 pm]./riproduciTraccia.sh Tracce/01-Strega/test1.mp3
[02/19/2019 05:47:25 pm]Incremento indice
[02/19/2019 05:47:25 pm]./riproduciTraccia.sh Tracce/01-Strega/test2.mp3
[02/19/2019 05:47:35 pm]Incremento indice
[02/19/2019 05:47:35 pm]./riproduciTraccia.sh Tracce/01-Strega/test3.mp3
[02/19/2019 05:47:50 pm]Incremento indice
[02/19/2019 05:47:50 pm]./riproduciTraccia.sh Tracce/01-Strega/test4.mp3
[02/19/2019 05:51:46 pm]Incremento indice
[02/19/2019 05:51:46 pm]./riproduciTraccia.sh Tracce/01-Strega/test1.mp3
[02/19/2019 05:56:52 pm]Incremento indice
[02/19/2019 05:56:52 pm]./riproduciTraccia.sh Tracce/01-Strega/test2.mp3
[02/19/2019 05:56:58 pm]Incremento indice
[02/19/2019 05:56:58 pm]./riproduciTraccia.sh Tracce/01-Strega/test3.mp3
[02/19/2019 05:56:59 pm]Incremento indice
[02/19/2019 05:56:59 pm]./riproduciTraccia.sh Tracce/01-Strega/test4.mp3
[02/19/2019 05:56:59 pm]Incremento indice
[02/19/2019 05:56:59 pm]./riproduciTraccia.sh Tracce/01-Strega/test1.mp3
[02/19/2019 05:57:00 pm]Incremento indice
[02/19/2019 05:57:00 pm]./riproduciTraccia.sh Tracce/01-Strega/test2.mp3
[02/19/2019 05:57:00 pm]Incremento indice
[02/19/2019 05:57:00 pm]./riproduciTraccia.sh Tracce/01-Strega/test3.mp3
[02/19/2019 05:57:01 pm]Incremento indice
[02/19/2019 05:57:01 pm]./riproduciTraccia.sh Tracce/01-Strega/test4.mp3
[02/19/2019 05:57:06 pm]Incremento indice
[02/19/2019 05:57:06 pm]./riproduciTraccia.sh Tracce/01-Strega/test1.mp3
[02/19/2019 05:59:20 pm]Incremento indice
[02/19/2019 05:59:20 pm]./riproduciTraccia.sh Tracce/01-Strega/test2.mp3| at now & disown
[02/19/2019 05:59:22 pm]Incremento indice
[02/19/2019 05:59:22 pm]./riproduciTraccia.sh Tracce/01-Strega/test3.mp3| at now & disown
[02/19/2019 05:59:37 pm]Incremento indice
[02/19/2019 05:59:37 pm]./riproduciTraccia.sh Tracce/01-Strega/test4.mp3| at now & disown
[02/19/2019 06:04:02 pm]Incremento indice
[02/19/2019 06:04:02 pm]./riproduciTraccia.sh Tracce/01-Strega/test1.mp3| at now & disown
[02/19/2019 06:04:26 pm]Incremento indice
[02/19/2019 06:04:26 pm]./riproduciTraccia.sh Tracce/01-Strega/test2.mp3| at now & disown
[02/19/2019 06:04:31 pm]Incremento indice
[02/19/2019 06:04:31 pm]./riproduciTraccia.sh Tracce/01-Strega/test3.mp3| at now & disown
[02/19/2019 06:04:51 pm]Incremento indice
[02/19/2019 06:04:51 pm]./riproduciTraccia.sh Tracce/01-Strega/test4.mp3| at now & disown
[02/19/2019 06:05:56 pm]Incremento indice
[02/19/2019 06:05:56 pm]./riproduciTraccia.sh Tracce/01-Strega/test1.mp3| at now & disown
[02/19/2019 06:06:04 pm]Incremento indice
[02/19/2019 06:06:04 pm]./riproduciTraccia.sh Tracce/01-Strega/test2.mp3| at now & disown
[02/19/2019 06:08:34 pm]Incremento indice
[02/19/2019 06:08:34 pm]./riproduciTraccia.sh Tracce/01-Strega/test3.mp3| at now & disown
[02/19/2019 06:08:38 pm]Incremento indice
[02/19/2019 06:08:38 pm]./riproduciTraccia.sh Tracce/01-Strega/test4.mp3| at now & disown
[02/19/2019 06:08:50 pm]Incremento indice
[02/19/2019 06:08:50 pm]./riproduciTraccia.sh Tracce/01-Strega/test1.mp3| at now & disown
[02/19/2019 06:19:02 pm]Incremento indice
[02/19/2019 06:19:02 pm]./riproduciTraccia.sh Tracce/01-Strega/test2.mp3| at now & disown
[02/19/2019 06:19:07 pm]Incremento indice
[02/19/2019 06:19:07 pm]./riproduciTraccia.sh Tracce/01-Strega/test3.mp3| at now & disown
[02/19/2019 06:19:15 pm]Incremento indice
[02/19/2019 06:19:15 pm]./riproduciTraccia.sh Tracce/01-Strega/test4.mp3| at now & disown
[02/20/2019 06:51:30 pm]Cambio utente
[02/20/2019 06:51:30 pm]./riproduciTraccia.sh Tracce/00-Mago/test1.mp3| at now & disown
[02/20/2019 06:51:36 pm]Incremento indice
[02/20/2019 06:51:36 pm]./riproduciTraccia.sh Tracce/00-Mago/test2.mp3| at now & disown
[02/20/2019 06:51:39 pm]Incremento indice
[02/20/2019 06:51:39 pm]./riproduciTraccia.sh Tracce/00-Mago/test3.mp3| at now & disown
[02/20/2019 06:51:40 pm]Incremento indice
[02/20/2019 06:51:40 pm]./riproduciTraccia.sh Tracce/00-Mago/test4.mp3| at now & disown
[02/20/2019 06:51:41 pm]Incremento indice
[02/20/2019 06:51:41 pm]./riproduciTraccia.sh Tracce/00-Mago/test1.mp3| at now & disown
[02/20/2019 06:51:43 pm]Incremento indice
[02/20/2019 06:51:43 pm]./riproduciTraccia.sh Tracce/00-Mago/test2.mp3| at now & disown
[02/20/2019 06:51:45 pm]Incremento indice
[02/20/2019 06:51:45 pm]./riproduciTraccia.sh Tracce/00-Mago/test3.mp3| at now & disown
[02/20/2019 06:51:47 pm]Incremento indice
[02/20/2019 06:51:47 pm]./riproduciTraccia.sh Tracce/00-Mago/test4.mp3| at now & disown
[02/20/2019 06:51:50 pm]Incremento indice
[02/20/2019 06:51:50 pm]./riproduciTraccia.sh Tracce/00-Mago/test1.mp3| at now & disown
[02/20/2019 06:51:53 pm]Cambio utente
[02/20/2019 06:51:56 pm]Cambio utente
[02/20/2019 06:51:56 pm]./riproduciTraccia.sh Tracce/02-Albero/test1.mp3| at now & disown
[02/20/2019 06:51:59 pm]Incremento indice
[02/20/2019 06:51:59 pm]./riproduciTraccia.sh Tracce/02-Albero/test2.mp3| at now & disown
[02/20/2019 06:52:03 pm]Incremento indice
[02/20/2019 06:52:03 pm]./riproduciTraccia.sh Tracce/02-Albero/test3.mp3| at now & disown
[02/20/2019 06:52:05 pm]Incremento indice
[02/20/2019 06:52:05 pm]./riproduciTraccia.sh Tracce/02-Albero/test4.mp3| at now & disown
[02/20/2019 06:52:15 pm]Incremento indice
[02/20/2019 06:52:15 pm]./riproduciTraccia.sh Tracce/02-Albero/test1.mp3| at now & disown
[02/20/2019 06:52:20 pm]Incremento indice
[02/20/2019 06:52:20 pm]./riproduciTraccia.sh Tracce/02-Albero/test2.mp3| at now & disown
[02/20/2019 06:52:23 pm]Incremento indice
[02/20/2019 06:52:23 pm]./riproduciTraccia.sh Tracce/02-Albero/test3.mp3| at now & disown
[02/20/2019 06:53:08 pm]Incremento indice
[02/20/2019 06:53:08 pm]./riproduciTraccia.sh Tracce/02-Albero/test4.mp3| at now & disown
[02/20/2019 06:53:10 pm]Incremento indice
[02/20/2019 06:53:10 pm]./riproduciTraccia.sh Tracce/02-Albero/test1.mp3| at now & disown
[02/20/2019 06:53:13 pm]Cambio utente
[02/20/2019 06:53:13 pm]./riproduciTraccia.sh Tracce/01-Strega/test1.mp3| at now & disown
[02/20/2019 06:53:15 pm]Incremento indice
[02/20/2019 06:53:15 pm]./riproduciTraccia.sh Tracce/01-Strega/test2.mp3| at now & disown
[02/20/2019 06:53:43 pm]Incremento indice
[02/20/2019 06:53:43 pm]./riproduciTraccia.sh Tracce/01-Strega/test3.mp3| at now & disown
[02/20/2019 06:54:11 pm]Incremento indice
[02/20/2019 06:54:11 pm]./riproduciTraccia.sh Tracce/01-Strega/test4.mp3| at now & disown
[02/20/2019 06:54:16 pm]Incremento indice
[02/20/2019 06:54:16 pm]./riproduciTraccia.sh Tracce/01-Strega/test1.mp3| at now & disown
[02/20/2019 07:05:59 pm]Incremento indice
[02/20/2019 07:05:59 pm]./riproduciTraccia.sh Tracce/01-Strega/test2.mp3| at now & disown
[02/20/2019 07:06:04 pm]Incremento indice
[02/20/2019 07:06:04 pm]./riproduciTraccia.sh Tracce/01-Strega/test3.mp3| at now & disown
[02/20/2019 07:06:06 pm]Incremento indice
[02/20/2019 07:06:06 pm]./riproduciTraccia.sh Tracce/01-Strega/test4.mp3| at now & disown
[02/20/2019 07:06:08 pm]Incremento indice
[02/20/2019 07:06:08 pm]./riproduciTraccia.sh Tracce/01-Strega/test1.mp3| at now & disown
[02/20/2019 07:06:08 pm]Incremento indice
[02/20/2019 07:06:08 pm]./riproduciTraccia.sh Tracce/01-Strega/test2.mp3| at now & disown
[02/20/2019 07:06:08 pm]Incremento indice
[02/20/2019 07:06:08 pm]./riproduciTraccia.sh Tracce/01-Strega/test3.mp3| at now & disown
[02/20/2019 07:06:09 pm]Incremento indice
[02/20/2019 07:06:09 pm]./riproduciTraccia.sh Tracce/01-Strega/test4.mp3| at now & disown
[02/20/2019 07:06:09 pm]Incremento indice
[02/20/2019 07:06:09 pm]./riproduciTraccia.sh Tracce/01-Strega/test1.mp3| at now & disown
[02/20/2019 07:06:09 pm]Incremento indice
[02/20/2019 07:06:09 pm]./riproduciTraccia.sh Tracce/01-Strega/test2.mp3| at now & disown
[02/20/2019 07:06:35 pm]Incremento indice
[02/20/2019 07:06:35 pm]./riproduciTraccia.sh Tracce/01-Strega/test3.mp3
[02/20/2019 07:06:37 pm]Incremento indice
[02/20/2019 07:06:37 pm]./riproduciTraccia.sh Tracce/01-Strega/test4.mp3
[02/20/2019 07:06:38 pm]Incremento indice
[02/20/2019 07:06:38 pm]./riproduciTraccia.sh Tracce/01-Strega/test1.mp3
[02/20/2019 07:06:39 pm]Incremento indice
[02/20/2019 07:06:39 pm]./riproduciTraccia.sh Tracce/01-Strega/test2.mp3
[02/20/2019 07:06:54 pm]Incremento indice
[02/20/2019 07:06:54 pm]./riproduciTraccia.sh Tracce/01-Strega/test3.mp3
[02/20/2019 07:06:56 pm]Incremento indice
[02/20/2019 07:06:56 pm]./riproduciTraccia.sh Tracce/01-Strega/test4.mp3
[02/20/2019 07:06:57 pm]Incremento indice
[02/20/2019 07:06:57 pm]./riproduciTraccia.sh Tracce/01-Strega/test1.mp3
[02/20/2019 07:07:04 pm]Incremento indice
[02/20/2019 07:07:04 pm]./riproduciTraccia.sh Tracce/01-Strega/test2.mp3
[02/20/2019 07:07:05 pm]Incremento indice
[02/20/2019 07:07:05 pm]./riproduciTraccia.sh Tracce/01-Strega/test3.mp3
[02/20/2019 07:07:06 pm]Incremento indice
[02/20/2019 07:07:06 pm]./riproduciTraccia.sh Tracce/01-Strega/test4.mp3
[02/20/2019 07:07:07 pm]Incremento indice
[02/20/2019 07:07:07 pm]./riproduciTraccia.sh Tracce/01-Strega/test1.mp3
[02/20/2019 07:07:07 pm]Incremento indice
[02/20/2019 07:07:07 pm]./riproduciTraccia.sh Tracce/01-Strega/test2.mp3
[02/20/2019 07:07:08 pm]Incremento indice
[02/20/2019 07:07:08 pm]./riproduciTraccia.sh Tracce/01-Strega/test3.mp3
[02/20/2019 07:07:08 pm]Incremento indice
[02/20/2019 07:07:08 pm]./riproduciTraccia.sh Tracce/01-Strega/test4.mp3
[02/20/2019 07:07:15 pm]Incremento indice
[02/20/2019 07:07:15 pm]./riproduciTraccia.sh Tracce/01-Strega/test1.mp3
[02/20/2019 07:07:16 pm]Incremento indice
[02/20/2019 07:07:16 pm]./riproduciTraccia.sh Tracce/01-Strega/test2.mp3
[02/20/2019 07:07:17 pm]Incremento indice
[02/20/2019 07:07:17 pm]./riproduciTraccia.sh Tracce/01-Strega/test3.mp3
[02/20/2019 07:07:17 pm]Incremento indice
[02/20/2019 07:07:17 pm]./riproduciTraccia.sh Tracce/01-Strega/test4.mp3
[02/20/2019 07:07:18 pm]Incremento indice
[02/20/2019 07:07:18 pm]./riproduciTraccia.sh Tracce/01-Strega/test1.mp3
[02/20/2019 07:07:27 pm]Incremento indice
[02/20/2019 07:07:27 pm]./riproduciTraccia.sh Tracce/01-Strega/test2.mp3
[02/20/2019 07:07:29 pm]Incremento indice
[02/20/2019 07:07:29 pm]./riproduciTraccia.sh Tracce/01-Strega/test3.mp3
[02/20/2019 07:07:29 pm]Incremento indice
[02/20/2019 07:07:29 pm]./riproduciTraccia.sh Tracce/01-Strega/test4.mp3
[02/20/2019 07:07:30 pm]Incremento indice
[02/20/2019 07:07:30 pm]./riproduciTraccia.sh Tracce/01-Strega/test1.mp3
[02/20/2019 07:07:31 pm]Incremento indice
[02/20/2019 07:07:31 pm]./riproduciTraccia.sh Tracce/01-Strega/test2.mp3
[02/20/2019 07:07:35 pm]Incremento indice
[02/20/2019 07:07:35 pm]./riproduciTraccia.sh Tracce/01-Strega/test3.mp3
[02/20/2019 07:07:36 pm]Incremento indice
[02/20/2019 07:07:36 pm]./riproduciTraccia.sh Tracce/01-Strega/test4.mp3
[02/20/2019 07:08:06 pm]Incremento indice
[02/20/2019 07:08:06 pm]./riproduciTraccia.sh Tracce/01-Strega/test1.mp3
[02/20/2019 07:08:06 pm]Incremento indice
[02/20/2019 07:08:06 pm]./riproduciTraccia.sh Tracce/01-Strega/test2.mp3
[02/20/2019 07:08:22 pm]Incremento indice
[02/20/2019 07:08:22 pm]./riproduciTraccia.sh Tracce/01-Strega/test3.mp3
[02/20/2019 07:08:24 pm]Incremento indice
[02/20/2019 07:08:24 pm]./riproduciTraccia.sh Tracce/01-Strega/test4.mp3
[02/20/2019 07:08:30 pm]Incremento indice
[02/20/2019 07:08:30 pm]./riproduciTraccia.sh Tracce/01-Strega/test1.mp3
[02/20/2019 07:08:33 pm]Incremento indice
[02/20/2019 07:08:33 pm]./riproduciTraccia.sh Tracce/01-Strega/test2.mp3
[02/20/2019 07:08:36 pm]Incremento indice
[02/20/2019 07:08:36 pm]./riproduciTraccia.sh Tracce/01-Strega/test3.mp3
[02/20/2019 07:09:27 pm]Incremento indice
[02/20/2019 07:09:27 pm]./riproduciTraccia.sh Tracce/01-Strega/test4.mp3
[02/20/2019 07:09:45 pm]Incremento indice
[02/20/2019 07:09:45 pm]./riproduciTraccia.sh Tracce/01-Strega/test1.mp3
[02/20/2019 07:09:52 pm]Incremento indice
[02/20/2019 07:09:52 pm]./riproduciTraccia.sh Tracce/01-Strega/test2.mp3
[02/20/2019 07:11:12 pm]Incremento indice
[02/20/2019 07:11:12 pm]./riproduciTraccia.sh Tracce/01-Strega/test3.mp3
[02/20/2019 07:11:34 pm]Incremento indice
[02/20/2019 07:11:34 pm]./riproduciTraccia.sh Tracce/01-Strega/test4.mp3
[02/20/2019 07:15:58 pm]Incremento indice
[02/20/2019 07:15:58 pm]./riproduciTraccia.sh Tracce/01-Strega/test1.mp3
[02/21/2019 09:45:55 am]Cambio utente
[02/21/2019 09:46:03 am]Incremento indice
[02/21/2019 09:46:03 am]riproduciTraccia.sh Tracce/00-Mago/test1.wav
[02/21/2019 09:55:28 am]Incremento indice
[02/21/2019 09:55:28 am]riproduciTraccia.sh Tracce/00-Mago/test2.mp3
[02/21/2019 09:56:18 am]Incremento indice
[02/21/2019 09:56:18 am]riproduciTraccia.sh Tracce/00-Mago/test3.mp3
[02/21/2019 10:00:59 am]Incremento indice
[02/21/2019 10:00:59 am]riproduciTraccia.sh Tracce/00-Mago/test4.mp3
[02/21/2019 11:03:25 am]Incremento indice
[02/21/2019 11:03:25 am]riproduciTraccia.sh Tracce/00-Mago/test1.mp3
[02/21/2019 11:03:53 am]Incremento indice
[02/21/2019 11:03:53 am]./riproduciTraccia.sh Tracce/00-Mago/test1.wav
[02/21/2019 11:04:01 am]Incremento indice
[02/21/2019 11:04:01 am]./riproduciTraccia.sh Tracce/00-Mago/test2.mp3
[02/21/2019 11:04:40 am]Incremento indice
[02/21/2019 11:04:40 am]./riproduciTraccia.sh Tracce/00-Mago/test3.mp3
[02/21/2019 11:08:03 am]Incremento indice
[02/21/2019 11:08:03 am]./riproduciTraccia.sh Tracce/00-Mago/test4.mp3
[02/21/2019 02:28:07 pm]Incremento indice
[02/21/2019 02:28:07 pm]./riproduciTraccia.sh Tracce/00-Mago/test1.wav
[02/21/2019 02:40:10 pm]Incremento indice
[02/21/2019 02:40:10 pm]./riproduciTraccia.sh Tracce/00-Mago/test1.wav
[02/21/2019 02:40:52 pm]Incremento indice
[02/21/2019 02:40:52 pm]./riproduciTraccia.sh Tracce/00-Mago/test1.wav
[02/21/2019 02:45:05 pm]Incremento indice
[02/21/2019 02:45:05 pm]./riproduciTraccia.sh Tracce/00-Mago/test1.wav
[02/21/2019 02:49:48 pm]Incremento indice
[02/21/2019 02:49:48 pm]./riproduciTraccia.sh Tracce/00-Mago/test1.wav
[02/22/2019 03:04:12 pm]Incremento indice
[02/22/2019 03:04:12 pm]./riproduciTraccia.sh Tracce/00-Mago/test1.wav
[02/22/2019 03:08:10 pm]Incremento indice
[02/22/2019 03:08:10 pm]./riproduciTraccia.sh Tracce/00-Mago/test2.mp3| at now & disown
[02/22/2019 03:08:42 pm]Incremento indice
[02/22/2019 03:08:42 pm]./riproduciTraccia.sh Tracce/00-Mago/test3.mp3| at now & disown
[02/22/2019 03:09:21 pm]Incremento indice
[02/22/2019 03:09:21 pm]./riproduciTraccia.sh Tracce/00-Mago/test4.mp3| at now & disown
[02/22/2019 03:09:25 pm]Incremento indice
[02/22/2019 03:09:25 pm]./riproduciTraccia.sh Tracce/00-Mago/test1.mp3| at now & disown
[02/22/2019 03:09:27 pm]Incremento indice
[02/22/2019 03:09:27 pm]./riproduciTraccia.sh Tracce/00-Mago/test1.wav| at now & disown
[02/22/2019 03:09:27 pm]Incremento indice
[02/22/2019 03:09:27 pm]./riproduciTraccia.sh Tracce/00-Mago/test2.mp3| at now & disown
[02/22/2019 03:09:28 pm]Incremento indice
[02/22/2019 03:09:28 pm]./riproduciTraccia.sh Tracce/00-Mago/test3.mp3| at now & disown
[02/22/2019 03:09:29 pm]Incremento indice
[02/22/2019 03:09:29 pm]./riproduciTraccia.sh Tracce/00-Mago/test4.mp3| at now & disown
[02/22/2019 03:09:29 pm]Incremento indice
[02/22/2019 03:09:29 pm]./riproduciTraccia.sh Tracce/00-Mago/test1.mp3| at now & disown
[02/22/2019 03:09:30 pm]Incremento indice
[02/22/2019 03:09:30 pm]./riproduciTraccia.sh Tracce/00-Mago/test1.wav| at now & disown
[02/22/2019 03:09:30 pm]Incremento indice
[02/22/2019 03:09:30 pm]./riproduciTraccia.sh Tracce/00-Mago/test2.mp3| at now & disown
[02/22/2019 03:09:32 pm]Incremento indice
[02/22/2019 03:09:32 pm]./riproduciTraccia.sh Tracce/00-Mago/test3.mp3| at now & disown
[02/22/2019 03:09:33 pm]Incremento indice
[02/22/2019 03:09:33 pm]./riproduciTraccia.sh Tracce/00-Mago/test4.mp3| at now & disown
[02/22/2019 03:10:12 pm]Incremento indice
[02/22/2019 03:10:12 pm]./riproduciTraccia.sh Tracce/00-Mago/test1.mp3| at now & disown
[02/22/2019 03:11:11 pm]Incremento indice
[02/22/2019 03:11:11 pm]./riproduciTraccia.sh Tracce/00-Mago/test1.wav| at now & disown
[02/22/2019 03:11:20 pm]Incremento indice
[02/22/2019 03:11:20 pm]./riproduciTraccia.sh Tracce/00-Mago/test2.mp3| at now & disown
[02/22/2019 03:11:21 pm]Incremento indice
[02/22/2019 03:11:21 pm]./riproduciTraccia.sh Tracce/00-Mago/test3.mp3| at now & disown
[02/22/2019 03:11:21 pm]Incremento indice
[02/22/2019 03:11:21 pm]./riproduciTraccia.sh Tracce/00-Mago/test4.mp3| at now & disown
[02/22/2019 03:11:22 pm]Incremento indice
[02/22/2019 03:11:22 pm]./riproduciTraccia.sh Tracce/00-Mago/test1.mp3| at now & disown
[02/22/2019 03:11:22 pm]Incremento indice
[02/22/2019 03:11:22 pm]./riproduciTraccia.sh Tracce/00-Mago/test1.wav| at now & disown
[02/22/2019 03:11:23 pm]Incremento indice
[02/22/2019 03:11:23 pm]./riproduciTraccia.sh Tracce/00-Mago/test2.mp3| at now & disown
[02/22/2019 03:11:23 pm]Incremento indice
[02/22/2019 03:11:23 pm]./riproduciTraccia.sh Tracce/00-Mago/test3.mp3| at now & disown
[02/22/2019 03:11:23 pm]Incremento indice
[02/22/2019 03:11:23 pm]./riproduciTraccia.sh Tracce/00-Mago/test4.mp3| at now & disown
[02/22/2019 03:11:24 pm]Incremento indice
[02/22/2019 03:11:24 pm]./riproduciTraccia.sh Tracce/00-Mago/test1.mp3| at now & disown
[02/22/2019 03:11:24 pm]Incremento indice
[02/22/2019 03:11:24 pm]./riproduciTraccia.sh Tracce/00-Mago/test1.wav| at now & disown
[02/22/2019 03:11:24 pm]Incremento indice
[02/22/2019 03:11:24 pm]./riproduciTraccia.sh Tracce/00-Mago/test2.mp3| at now & disown
[02/22/2019 03:11:24 pm]Incremento indice
[02/22/2019 03:11:24 pm]./riproduciTraccia.sh Tracce/00-Mago/test3.mp3| at now & disown
[02/22/2019 03:11:24 pm]Incremento indice
[02/22/2019 03:11:24 pm]./riproduciTraccia.sh Tracce/00-Mago/test4.mp3| at now & disown
[02/22/2019 03:11:24 pm]Incremento indice
[02/22/2019 03:11:24 pm]./riproduciTraccia.sh Tracce/00-Mago/test1.mp3| at now & disown
[02/22/2019 03:15:35 pm]Incremento indice
[02/22/2019 03:15:35 pm]./riproduciTraccia.sh Tracce/00-Mago/test1.wav| at now & disown
[02/22/2019 03:15:50 pm]Incremento indice
[02/22/2019 03:15:50 pm]./riproduciTraccia.sh Tracce/00-Mago/test2.mp3| at now & disown
[02/22/2019 03:16:13 pm]Incremento indice
[02/22/2019 03:16:13 pm]./riproduciTraccia.sh Tracce/00-Mago/test3.mp3| at now & disown
[02/22/2019 03:17:15 pm]Incremento indice
[02/22/2019 03:17:15 pm]./riproduciTraccia.sh Tracce/00-Mago/test4.mp3| at now & disown
[02/22/2019 03:17:26 pm]Incremento indice
[02/22/2019 03:17:26 pm]./riproduciTraccia.sh Tracce/00-Mago/test1.mp3
[02/22/2019 03:17:27 pm]Incremento indice
[02/22/2019 03:17:27 pm]./riproduciTraccia.sh Tracce/00-Mago/test1.wav
[02/22/2019 03:17:27 pm]Incremento indice
[02/22/2019 03:17:27 pm]./riproduciTraccia.sh Tracce/00-Mago/test2.mp3
[02/22/2019 03:17:28 pm]Incremento indice
[02/22/2019 03:17:28 pm]./riproduciTraccia.sh Tracce/00-Mago/test3.mp3
[02/22/2019 03:17:28 pm]Incremento indice
[02/22/2019 03:17:28 pm]./riproduciTraccia.sh Tracce/00-Mago/test4.mp3
[02/22/2019 03:17:29 pm]Incremento indice
[02/22/2019 03:17:29 pm]./riproduciTraccia.sh Tracce/00-Mago/test1.mp3
[02/22/2019 03:17:29 pm]Incremento indice
[02/22/2019 03:17:29 pm]./riproduciTraccia.sh Tracce/00-Mago/test1.wav
[02/22/2019 03:17:29 pm]Incremento indice
[02/22/2019 03:17:29 pm]./riproduciTraccia.sh Tracce/00-Mago/test2.mp3
[02/22/2019 03:17:29 pm]Incremento indice
[02/22/2019 03:17:29 pm]./riproduciTraccia.sh Tracce/00-Mago/test3.mp3
[02/22/2019 03:17:29 pm]Incremento indice
[02/22/2019 03:17:29 pm]./riproduciTraccia.sh Tracce/00-Mago/test4.mp3
[02/22/2019 03:17:29 pm]Incremento indice
[02/22/2019 03:17:29 pm]./riproduciTraccia.sh Tracce/00-Mago/test1.mp3
[02/22/2019 03:17:32 pm]Cambio utente
[02/22/2019 03:17:32 pm]./riproduciTraccia.sh Tracce/01-Strega/test1.mp3
[02/22/2019 03:17:34 pm]Incremento indice
[02/22/2019 03:17:34 pm]./riproduciTraccia.sh Tracce/01-Strega/test2.mp3
[02/22/2019 03:17:35 pm]Incremento indice
[02/22/2019 03:17:35 pm]./riproduciTraccia.sh Tracce/01-Strega/test3.mp3
[02/22/2019 03:17:36 pm]Incremento indice
[02/22/2019 03:17:36 pm]./riproduciTraccia.sh Tracce/01-Strega/test4.mp3
[02/22/2019 03:17:36 pm]Incremento indice
[02/22/2019 03:17:36 pm]./riproduciTraccia.sh Tracce/01-Strega/test1.mp3
[02/22/2019 03:17:37 pm]Incremento indice
[02/22/2019 03:17:37 pm]./riproduciTraccia.sh Tracce/01-Strega/test2.mp3
[02/22/2019 03:17:37 pm]Incremento indice
[02/22/2019 03:17:37 pm]./riproduciTraccia.sh Tracce/01-Strega/test3.mp3
[02/22/2019 03:17:37 pm]Incremento indice
[02/22/2019 03:17:37 pm]./riproduciTraccia.sh Tracce/01-Strega/test4.mp3
[02/22/2019 03:17:38 pm]Incremento indice
[02/22/2019 03:17:38 pm]./riproduciTraccia.sh Tracce/01-Strega/test1.mp3
[02/22/2019 03:17:38 pm]Incremento indice
[02/22/2019 03:17:38 pm]./riproduciTraccia.sh Tracce/01-Strega/test2.mp3
[02/22/2019 03:17:38 pm]Incremento indice
[02/22/2019 03:17:38 pm]./riproduciTraccia.sh Tracce/01-Strega/test3.mp3
[02/22/2019 03:17:38 pm]Incremento indice
[02/22/2019 03:17:38 pm]./riproduciTraccia.sh Tracce/01-Strega/test4.mp3
[02/22/2019 03:17:57 pm]Incremento indice
[02/22/2019 03:17:57 pm]./riproduciTraccia.sh Tracce/01-Strega/test1.mp3 >> cmd_out.log
[02/22/2019 03:17:58 pm]Incremento indice
[02/22/2019 03:17:58 pm]./riproduciTraccia.sh Tracce/01-Strega/test2.mp3 >> cmd_out.log
[02/22/2019 03:18:08 pm]Incremento indice
[02/22/2019 03:18:08 pm]./riproduciTraccia.sh Tracce/01-Strega/test3.mp3 >> cmd_out.log
[02/22/2019 03:18:09 pm]Incremento indice
[02/22/2019 03:18:09 pm]./riproduciTraccia.sh Tracce/01-Strega/test4.mp3 >> cmd_out.log
[02/22/2019 03:18:09 pm]Incremento indice
[02/22/2019 03:18:09 pm]./riproduciTraccia.sh Tracce/01-Strega/test1.mp3 >> cmd_out.log
[02/22/2019 03:18:10 pm]Incremento indice
[02/22/2019 03:18:10 pm]./riproduciTraccia.sh Tracce/01-Strega/test2.mp3 >> cmd_out.log
[02/22/2019 03:18:11 pm]Incremento indice
[02/22/2019 03:18:11 pm]./riproduciTraccia.sh Tracce/01-Strega/test3.mp3 >> cmd_out.log
[02/22/2019 03:19:41 pm]Incremento indice
[02/22/2019 03:19:41 pm]./riproduciTraccia.sh Tracce/01-Strega/test4.mp3 >> cmd_out.log
[02/22/2019 03:19:42 pm]Incremento indice
[02/22/2019 03:19:42 pm]./riproduciTraccia.sh Tracce/01-Strega/test1.mp3 >> cmd_out.log
[02/22/2019 03:19:43 pm]Incremento indice
[02/22/2019 03:19:43 pm]./riproduciTraccia.sh Tracce/01-Strega/test2.mp3 >> cmd_out.log
[02/22/2019 03:19:43 pm]Incremento indice
[02/22/2019 03:19:43 pm]./riproduciTraccia.sh Tracce/01-Strega/test3.mp3 >> cmd_out.log
[02/22/2019 03:19:44 pm]Incremento indice
[02/22/2019 03:19:44 pm]./riproduciTraccia.sh Tracce/01-Strega/test4.mp3 >> cmd_out.log
[02/22/2019 03:19:45 pm]Incremento indice
[02/22/2019 03:19:45 pm]./riproduciTraccia.sh Tracce/01-Strega/test1.mp3 >> cmd_out.log
[02/22/2019 03:21:34 pm]Incremento indice
[02/22/2019 03:21:34 pm]./riproduciTraccia.sh Tracce/01-Strega/test2.mp3 >> cmd_out.log
[02/22/2019 03:21:34 pm]Incremento indice
[02/22/2019 03:21:34 pm]./riproduciTraccia.sh Tracce/01-Strega/test3.mp3 >> cmd_out.log
[02/22/2019 03:21:50 pm]Incremento indice
[02/22/2019 03:21:50 pm]./riproduciTraccia.sh Tracce/01-Strega/test4.mp3 >> cmd_out.log
[02/22/2019 03:21:53 pm]Incremento indice
[02/22/2019 03:21:53 pm]./riproduciTraccia.sh Tracce/01-Strega/test1.mp3 >> cmd_out.log
[02/22/2019 03:22:20 pm]Incremento indice
[02/22/2019 03:22:20 pm]./riproduciTraccia.sh Tracce/01-Strega/test2.mp3 >> cmd_out.log
[02/22/2019 03:22:21 pm]Incremento indice
[02/22/2019 03:22:21 pm]./riproduciTraccia.sh Tracce/01-Strega/test3.mp3 >> cmd_out.log
[02/22/2019 03:22:31 pm]Incremento indice
[02/22/2019 03:22:31 pm]./riproduciTraccia.sh Tracce/01-Strega/test4.mp3 >> cmd_out.log
[02/22/2019 03:22:31 pm]Incremento indice
[02/22/2019 03:22:31 pm]./riproduciTraccia.sh Tracce/01-Strega/test1.mp3 >> cmd_out.log
[02/22/2019 03:22:32 pm]Incremento indice
[02/22/2019 03:22:32 pm]./riproduciTraccia.sh Tracce/01-Strega/test2.mp3 >> cmd_out.log
[02/22/2019 03:22:32 pm]Incremento indice
[02/22/2019 03:22:32 pm]./riproduciTraccia.sh Tracce/01-Strega/test3.mp3 >> cmd_out.log
[02/22/2019 03:22:32 pm]Incremento indice
[02/22/2019 03:22:32 pm]./riproduciTraccia.sh Tracce/01-Strega/test4.mp3 >> cmd_out.log
[02/22/2019 03:22:32 pm]Incremento indice
[02/22/2019 03:22:32 pm]./riproduciTraccia.sh Tracce/01-Strega/test1.mp3 >> cmd_out.log
[02/22/2019 03:22:41 pm]Incremento indice
[02/22/2019 03:22:41 pm]./riproduciTraccia.sh Tracce/01-Strega/test2.mp3
[02/22/2019 03:22:42 pm]Incremento indice
[02/22/2019 03:22:42 pm]./riproduciTraccia.sh Tracce/01-Strega/test3.mp3
[02/22/2019 03:22:42 pm]Incremento indice
[02/22/2019 03:22:42 pm]./riproduciTraccia.sh Tracce/01-Strega/test4.mp3
[02/22/2019 03:22:42 pm]Incremento indice
[02/22/2019 03:22:42 pm]./riproduciTraccia.sh Tracce/01-Strega/test1.mp3
[02/22/2019 03:22:43 pm]Incremento indice
[02/22/2019 03:22:43 pm]./riproduciTraccia.sh Tracce/01-Strega/test2.mp3
[02/22/2019 03:22:43 pm]Incremento indice
[02/22/2019 03:22:43 pm]./riproduciTraccia.sh Tracce/01-Strega/test3.mp3
[02/22/2019 03:22:43 pm]Incremento indice
[02/22/2019 03:22:43 pm]./riproduciTraccia.sh Tracce/01-Strega/test4.mp3
[02/22/2019 03:22:47 pm]Cambio utente
[02/22/2019 03:22:47 pm]./riproduciTraccia.sh Tracce/01-Strega/test1.mp3
[02/22/2019 03:22:48 pm]Incremento indice
[02/22/2019 03:22:48 pm]./riproduciTraccia.sh Tracce/01-Strega/test2.mp3
[02/22/2019 03:22:49 pm]Incremento indice
[02/22/2019 03:22:49 pm]./riproduciTraccia.sh Tracce/01-Strega/test3.mp3
[02/22/2019 03:22:49 pm]Incremento indice
[02/22/2019 03:22:49 pm]./riproduciTraccia.sh Tracce/01-Strega/test4.mp3
[02/22/2019 03:22:50 pm]Incremento indice
[02/22/2019 03:22:50 pm]./riproduciTraccia.sh Tracce/01-Strega/test1.mp3
[02/22/2019 03:22:50 pm]Incremento indice
[02/22/2019 03:22:50 pm]./riproduciTraccia.sh Tracce/01-Strega/test2.mp3
[02/22/2019 03:22:50 pm]Incremento indice
[02/22/2019 03:22:50 pm]./riproduciTraccia.sh Tracce/01-Strega/test3.mp3
[02/22/2019 03:22:50 pm]Incremento indice
[02/22/2019 03:22:50 pm]./riproduciTraccia.sh Tracce/01-Strega/test4.mp3
[02/22/2019 03:22:50 pm]Incremento indice
[02/22/2019 03:22:50 pm]./riproduciTraccia.sh Tracce/01-Strega/test1.mp3
[02/22/2019 03:22:51 pm]Incremento indice
[02/22/2019 03:22:51 pm]./riproduciTraccia.sh Tracce/01-Strega/test2.mp3
[02/22/2019 03:22:59 pm]Incremento indice
[02/22/2019 03:22:59 pm]./riproduciTraccia.sh Tracce/01-Strega/test3.mp3
[02/22/2019 03:23:00 pm]Incremento indice
[02/22/2019 03:23:00 pm]./riproduciTraccia.sh Tracce/01-Strega/test4.mp3
[02/22/2019 03:23:01 pm]Incremento indice
[02/22/2019 03:23:01 pm]./riproduciTraccia.sh Tracce/01-Strega/test1.mp3
[02/22/2019 03:23:01 pm]Incremento indice
[02/22/2019 03:23:01 pm]./riproduciTraccia.sh Tracce/01-Strega/test2.mp3
[02/22/2019 03:23:02 pm]Incremento indice
[02/22/2019 03:23:02 pm]./riproduciTraccia.sh Tracce/01-Strega/test3.mp3
[02/22/2019 03:23:02 pm]Incremento indice
[02/22/2019 03:23:02 pm]./riproduciTraccia.sh Tracce/01-Strega/test4.mp3
[02/22/2019 03:23:03 pm]Incremento indice
[02/22/2019 03:23:03 pm]./riproduciTraccia.sh Tracce/01-Strega/test1.mp3
[02/22/2019 03:23:03 pm]Incremento indice
[02/22/2019 03:23:03 pm]./riproduciTraccia.sh Tracce/01-Strega/test2.mp3
[02/22/2019 03:23:04 pm]Incremento indice
[02/22/2019 03:23:04 pm]./riproduciTraccia.sh Tracce/01-Strega/test3.mp3
[02/22/2019 03:23:09 pm]Incremento indice
[02/22/2019 03:23:09 pm]./riproduciTraccia.sh Tracce/01-Strega/test4.mp3
[02/22/2019 03:23:27 pm]Incremento indice
[02/22/2019 03:23:27 pm]./riproduciTraccia.sh Tracce/01-Strega/test1.mp3
[02/22/2019 03:23:54 pm]Incremento indice
[02/22/2019 03:23:54 pm]./riproduciTraccia.sh Tracce/01-Strega/test2.mp3
[02/22/2019 03:24:06 pm]Incremento indice
[02/22/2019 03:24:06 pm]./riproduciTraccia.sh Tracce/01-Strega/test3.mp3
[02/22/2019 03:24:07 pm]Incremento indice
[02/22/2019 03:24:07 pm]./riproduciTraccia.sh Tracce/01-Strega/test4.mp3
[02/22/2019 03:24:08 pm]Incremento indice
[02/22/2019 03:24:08 pm]./riproduciTraccia.sh Tracce/01-Strega/test1.mp3
[02/22/2019 03:24:08 pm]Incremento indice
[02/22/2019 03:24:08 pm]./riproduciTraccia.sh Tracce/01-Strega/test2.mp3
[02/22/2019 03:24:09 pm]Incremento indice
[02/22/2019 03:24:09 pm]./riproduciTraccia.sh Tracce/01-Strega/test3.mp3
[02/22/2019 03:24:09 pm]Incremento indice
[02/22/2019 03:24:09 pm]./riproduciTraccia.sh Tracce/01-Strega/test4.mp3
[02/22/2019 03:24:16 pm]Incremento indice
[02/22/2019 03:24:16 pm]./riproduciTraccia.sh Tracce/01-Strega/test1.mp3
[02/22/2019 03:24:17 pm]Incremento indice
[02/22/2019 03:24:17 pm]./riproduciTraccia.sh Tracce/01-Strega/test2.mp3
[02/22/2019 03:24:17 pm]Incremento indice
[02/22/2019 03:24:17 pm]./riproduciTraccia.sh Tracce/01-Strega/test3.mp3
[02/22/2019 03:24:18 pm]Incremento indice
[02/22/2019 03:24:18 pm]./riproduciTraccia.sh Tracce/01-Strega/test4.mp3
[02/22/2019 03:24:18 pm]Incremento indice
[02/22/2019 03:24:18 pm]./riproduciTraccia.sh Tracce/01-Strega/test1.mp3
[02/22/2019 03:24:19 pm]Incremento indice
[02/22/2019 03:24:19 pm]./riproduciTraccia.sh Tracce/01-Strega/test2.mp3
[02/22/2019 03:24:19 pm]Incremento indice
[02/22/2019 03:24:19 pm]./riproduciTraccia.sh Tracce/01-Strega/test3.mp3
[02/22/2019 03:24:19 pm]Incremento indice
[02/22/2019 03:24:19 pm]./riproduciTraccia.sh Tracce/01-Strega/test4.mp3
[02/22/2019 03:24:20 pm]Incremento indice
[02/22/2019 03:24:20 pm]./riproduciTraccia.sh Tracce/01-Strega/test1.mp3
[02/22/2019 03:25:34 pm]Incremento indice
[02/22/2019 03:25:34 pm]./riproduciTraccia.sh Tracce/01-Strega/test2.mp3
[02/22/2019 03:25:35 pm]Incremento indice
[02/22/2019 03:25:35 pm]./riproduciTraccia.sh Tracce/01-Strega/test3.mp3
[02/22/2019 03:25:35 pm]Incremento indice
[02/22/2019 03:25:35 pm]./riproduciTraccia.sh Tracce/01-Strega/test4.mp3
[02/22/2019 03:26:24 pm]Incremento indice
[02/22/2019 03:26:24 pm]./riproduciTraccia.sh Tracce/01-Strega/test1.mp3
[02/22/2019 03:29:30 pm]Incremento indice
[02/22/2019 03:29:30 pm]./riproduciTraccia.sh Tracce/01-Strega/test2.mp3
[02/22/2019 03:29:38 pm]Incremento indice
[02/22/2019 03:29:38 pm]./riproduciTraccia.sh Tracce/01-Strega/test3.mp3
[02/22/2019 03:30:01 pm]Incremento indice
[02/22/2019 03:30:01 pm]./riproduciTraccia.sh Tracce/01-Strega/test4.mp3
[02/22/2019 03:32:21 pm]Incremento indice
[02/22/2019 03:32:21 pm]./riproduciTraccia.sh Tracce/01-Strega/test1.mp3
[02/22/2019 03:33:48 pm]Incremento indice
[02/22/2019 03:33:48 pm]./riproduciTraccia.sh Tracce/01-Strega/test2.mp3
[02/22/2019 03:34:05 pm]Incremento indice
[02/22/2019 03:34:05 pm]./riproduciTraccia.sh Tracce/01-Strega/test3.mp3
[02/22/2019 03:34:23 pm]Incremento indice
[02/22/2019 03:34:23 pm]./riproduciTraccia.sh Tracce/01-Strega/test2.mp3
[02/22/2019 03:34:30 pm]Incremento indice
[02/22/2019 03:34:30 pm]./riproduciTraccia.sh Tracce/01-Strega/test2.mp3
[02/22/2019 03:34:49 pm]Incremento indice
[02/22/2019 03:34:49 pm]./riproduciTraccia.sh Tracce/01-Strega/test2.mp3
[02/22/2019 03:35:06 pm]Cambio utente
[02/22/2019 03:35:08 pm]Incremento indice
[02/22/2019 03:35:08 pm]./riproduciTraccia.sh Tracce/00-Mago/test1.wav
[02/22/2019 03:36:16 pm]Incremento indice
[02/22/2019 03:36:16 pm]./riproduciTraccia.sh Tracce/00-Mago/test1.wav
[02/22/2019 03:40:17 pm]Incremento indice
[02/22/2019 03:40:17 pm]./riproduciTraccia.sh Tracce/00-Mago/test1.wav
[02/22/2019 03:49:20 pm]Incremento indice
[02/22/2019 03:49:20 pm]./riproduciTraccia.sh Tracce/00-Mago/test1.wav
[02/22/2019 03:49:29 pm]Incremento indice
[02/22/2019 03:49:29 pm]./riproduciTraccia.sh Tracce/00-Mago/test1.wav
[02/22/2019 03:49:38 pm]Incremento indice
[02/22/2019 03:49:38 pm]./riproduciTraccia.sh Tracce/00-Mago/test1.wav
[02/22/2019 03:49:59 pm]Incremento indice
[02/22/2019 03:49:59 pm]./riproduciTraccia.sh Tracce/00-Mago/test1.wav
[02/22/2019 03:50:17 pm]Incremento indice
[02/22/2019 03:50:17 pm]./riproduciTraccia.sh Tracce/00-Mago/test1.wav
[02/22/2019 03:50:33 pm]Incremento indice
[02/22/2019 03:50:33 pm]./riproduciTraccia.sh Tracce/00-Mago/test1.wav
[02/22/2019 03:51:03 pm]Incremento indice
[02/22/2019 03:51:03 pm]./riproduciTraccia.sh Tracce/00-Mago/test1.wav
[02/22/2019 03:51:27 pm]Cambio utente
[02/22/2019 03:51:27 pm]./riproduciTraccia.sh Tracce/01-Strega/test1.mp3
[02/22/2019 03:51:35 pm]Incremento indice
[02/22/2019 03:51:35 pm]./riproduciTraccia.sh Tracce/01-Strega/test2.mp3
[02/22/2019 03:51:39 pm]Incremento indice
[02/22/2019 03:51:39 pm]./riproduciTraccia.sh Tracce/01-Strega/test2.mp3
[02/22/2019 03:51:41 pm]Incremento indice
[02/22/2019 03:51:41 pm]./riproduciTraccia.sh Tracce/01-Strega/test2.mp3
[02/22/2019 03:51:44 pm]Incremento indice
[02/22/2019 03:51:44 pm]./riproduciTraccia.sh Tracce/01-Strega/test2.mp3
[02/22/2019 03:51:46 pm]Cambio utente
[02/22/2019 03:51:46 pm]./riproduciTraccia.sh Tracce/02-Albero/test1.mp3
[02/22/2019 03:51:54 pm]Incremento indice
[02/22/2019 03:51:54 pm]./riproduciTraccia.sh Tracce/02-Albero/test2.mp3
[02/22/2019 03:51:57 pm]Incremento indice
[02/22/2019 03:51:57 pm]./riproduciTraccia.sh Tracce/02-Albero/test2.mp3
[02/22/2019 03:52:19 pm]Incremento indice
[02/22/2019 03:52:19 pm]./riproduciTraccia.sh Tracce/02-Albero/test2.mp3
[02/22/2019 03:52:23 pm]Incremento indice
[02/22/2019 03:52:23 pm]./riproduciTraccia.sh Tracce/02-Albero/test2.mp3
[02/22/2019 03:52:25 pm]Incremento indice
[02/22/2019 03:52:25 pm]./riproduciTraccia.sh Tracce/02-Albero/test2.mp3
[02/22/2019 03:54:18 pm]Incremento indice
[02/22/2019 03:54:18 pm]./riproduciTraccia.sh Tracce/02-Albero/test2.mp3
[02/22/2019 03:54:22 pm]Incremento indice
[02/22/2019 03:54:22 pm]./riproduciTraccia.sh Tracce/02-Albero/test2.mp3
[02/22/2019 03:57:16 pm]Incremento indice
[02/22/2019 03:57:16 pm]./riproduciTraccia.sh Tracce/02-Albero/test2.mp3
[02/22/2019 03:58:09 pm]Incremento indice
[02/22/2019 03:58:09 pm]./riproduciTraccia.sh Tracce/02-Albero/test3.mp3
[02/22/2019 03:58:53 pm]Incremento indice
[02/22/2019 03:58:53 pm]./riproduciTraccia.sh Tracce/02-Albero/test4.mp3
[02/22/2019 04:00:51 pm]Incremento indice
[02/22/2019 04:00:51 pm]./riproduciTraccia.sh Tracce/02-Albero/test1.mp3
[02/22/2019 04:03:19 pm]Incremento indice
[02/22/2019 04:03:19 pm]./riproduciTraccia.sh Tracce/02-Albero/test2.mp3
[02/22/2019 04:03:24 pm]Incremento indice
[02/22/2019 04:03:24 pm]./riproduciTraccia.sh Tracce/02-Albero/test3.mp3
[02/22/2019 04:03:30 pm]Incremento indice
[02/22/2019 04:03:30 pm]./riproduciTraccia.sh Tracce/02-Albero/test4.mp3
[02/22/2019 04:03:50 pm]Incremento indice
[02/22/2019 04:03:50 pm]./riproduciTraccia.sh Tracce/02-Albero/test1.mp3
[02/22/2019 04:03:59 pm]Cambio utente
[02/22/2019 04:03:59 pm]./riproduciTraccia.sh Tracce/01-Strega/test1.mp3
[02/22/2019 04:05:56 pm]Incremento indice
[02/22/2019 04:05:56 pm]./riproduciTraccia.sh Tracce/01-Strega/test2.mp3
[02/22/2019 04:06:03 pm]Incremento indice
[02/22/2019 04:06:03 pm]./riproduciTraccia.sh Tracce/01-Strega/test3.mp3
[02/22/2019 04:06:31 pm]Incremento indice
[02/22/2019 04:06:31 pm]./riproduciTraccia.sh Tracce/01-Strega/test4.mp3
[02/22/2019 04:07:22 pm]Incremento indice
[02/22/2019 04:07:22 pm]./riproduciTraccia.sh Tracce/01-Strega/test1.mp3
[02/22/2019 04:07:45 pm]Incremento indice
[02/22/2019 04:07:45 pm]./riproduciTraccia.sh Tracce/01-Strega/test2.mp3
[02/22/2019 04:07:48 pm]Incremento indice
[02/22/2019 04:07:48 pm]./riproduciTraccia.sh Tracce/01-Strega/test3.mp3
[02/22/2019 04:07:50 pm]Incremento indice
[02/22/2019 04:07:50 pm]./riproduciTraccia.sh Tracce/01-Strega/test4.mp3
[02/22/2019 04:08:51 pm]Incremento indice
[02/22/2019 04:08:51 pm]./riproduciTraccia.sh Tracce/01-Strega/test1.mp3
[02/22/2019 04:09:00 pm]Incremento indice
[02/22/2019 04:09:00 pm]./riproduciTraccia.sh Tracce/01-Strega/test2.mp3
[02/22/2019 04:09:04 pm]Incremento indice
[02/22/2019 04:09:04 pm]./riproduciTraccia.sh Tracce/01-Strega/test3.mp3
[02/22/2019 04:09:07 pm]Incremento indice
[02/22/2019 04:09:07 pm]./riproduciTraccia.sh Tracce/01-Strega/test4.mp3
[02/22/2019 04:09:13 pm]Incremento indice
[02/22/2019 04:09:13 pm]./riproduciTraccia.sh Tracce/01-Strega/test1.mp3
[02/22/2019 04:09:58 pm]Incremento indice
[02/22/2019 04:09:58 pm]./riproduciTraccia.sh Tracce/01-Strega/test2.mp3
[02/22/2019 04:10:03 pm]Incremento indice
[02/22/2019 04:10:03 pm]./riproduciTraccia.sh Tracce/01-Strega/test3.mp3
[02/22/2019 04:10:07 pm]Incremento indice
[02/22/2019 04:10:07 pm]./riproduciTraccia.sh Tracce/01-Strega/test4.mp3
[02/22/2019 04:10:13 pm]Incremento indice
[02/22/2019 04:10:13 pm]./riproduciTraccia.sh Tracce/01-Strega/test1.mp3
[02/22/2019 04:11:46 pm]Cambio utente
[02/22/2019 04:11:46 pm]./riproduciTraccia.sh Tracce/02-Albero/test1.mp3
[02/22/2019 04:19:36 pm]Cambio utente
[02/22/2019 04:19:36 pm]./riproduciTraccia.sh Tracce/01-Strega/test1.mp3
[02/22/2019 04:24:20 pm]Incremento indice
[02/22/2019 04:24:20 pm]./riproduciTraccia.sh Tracce/01-Strega/test2.mp3
[02/22/2019 04:24:28 pm]Incremento indice
[02/22/2019 04:24:28 pm]./riproduciTraccia.sh Tracce/01-Strega/test3.mp3
[02/22/2019 04:24:35 pm]Incremento indice
[02/22/2019 04:24:35 pm]./riproduciTraccia.sh Tracce/01-Strega/test4.mp3
[02/22/2019 04:24:43 pm]Incremento indice
[02/22/2019 04:24:43 pm]./riproduciTraccia.sh Tracce/01-Strega/test1.mp3
[02/22/2019 04:24:53 pm]Cambio utente
[02/22/2019 04:24:53 pm]./riproduciTraccia.sh Tracce/02-Albero/test1.mp3
[02/22/2019 06:27:34 pm]Cambio utente
[02/22/2019 06:27:34 pm]./riproduciTraccia.sh Tracce/01-Strega/test1.mp3
[02/22/2019 06:28:36 pm]Incremento indice
[02/22/2019 06:28:36 pm]./riproduciTraccia.sh Tracce/01-Strega/test2.mp3
[02/22/2019 06:34:38 pm]Cambio utente
[02/22/2019 06:34:41 pm]Incremento indice
[02/22/2019 06:34:41 pm]./riproduciTraccia.sh Tracce/00-Mago/test1.wav
[02/22/2019 06:34:51 pm]Incremento indice
[02/22/2019 06:34:51 pm]./riproduciTraccia.sh Tracce/00-Mago/test2.mp3
[02/22/2019 06:34:54 pm]Incremento indice
[02/22/2019 06:34:54 pm]./riproduciTraccia.sh Tracce/00-Mago/test3.mp3
[02/22/2019 06:34:57 pm]Incremento indice
[02/22/2019 06:34:57 pm]./riproduciTraccia.sh Tracce/00-Mago/test4.mp3
[02/22/2019 06:46:43 pm]Cambio utente
[02/22/2019 06:46:43 pm]./riproduciTraccia.sh Tracce/01-Strega/test1.mp3
[02/22/2019 06:47:09 pm]Incremento indice
[02/22/2019 06:47:09 pm]./riproduciTraccia.sh Tracce/01-Strega/test2.mp3
[02/22/2019 06:48:10 pm]Incremento indice
[02/22/2019 06:48:10 pm]./riproduciTraccia.sh Tracce/01-Strega/test3.mp3
[02/22/2019 06:48:43 pm]Incremento indice
[02/22/2019 06:48:43 pm]./riproduciTraccia.sh Tracce/01-Strega/test4.mp3
[02/22/2019 06:48:53 pm]Incremento indice
[02/22/2019 06:48:53 pm]./riproduciTraccia.sh Tracce/01-Strega/test1.mp3
[02/22/2019 06:49:16 pm]Incremento indice
[02/22/2019 06:49:16 pm]./riproduciTraccia.sh Tracce/01-Strega/test2.mp3
[02/22/2019 06:49:37 pm]Incremento indice
[02/22/2019 06:49:37 pm]./riproduciTraccia.sh Tracce/01-Strega/test3.mp3
[02/22/2019 06:50:21 pm]Incremento indice
[02/22/2019 06:50:21 pm]./riproduciTraccia.sh Tracce/01-Strega/test4.mp3 | at now & disown
[02/22/2019 06:52:12 pm]Incremento indice
[02/22/2019 06:52:12 pm]./riproduciTraccia.sh Tracce/01-Strega/test1.mp3 | at now & disown
[02/22/2019 06:54:11 pm]Incremento indice
[02/22/2019 06:54:11 pm]./riproduciTraccia.sh Tracce/01-Strega/test2.mp3 | at now & disown
